#
# There is insufficient memory for the Java Runtime Environment to continue.
# Native memory allocation (malloc) failed to allocate 3480416 bytes for Chunk::new
# Possible reasons:
#   The system is out of physical RAM or swap space
#   The process is running with CompressedOops enabled, and the Java Heap may be blocking the growth of the native heap
# Possible solutions:
#   Reduce memory load on the system
#   Increase physical memory or swap space
#   Check if swap backing store is full
#   Decrease Java heap size (-Xmx/-Xms)
#   Decrease number of Java threads
#   Decrease Java thread stack sizes (-Xss)
#   Set larger code cache with -XX:ReservedCodeCacheSize=
#   JVM is running with Unscaled Compressed Oops mode in which the Java heap is
#     placed in the first 4GB address space. The Java Heap base address is the
#     maximum limit for the native heap growth. Please use -XX:HeapBaseMinAddress
#     to set the Java Heap base and to place the Java Heap above 4GB virtual address.
# This output file may be truncated or incomplete.
#
#  Out of Memory Error (arena.cpp:184), pid=4988, tid=16244
#
# JRE version: OpenJDK Runtime Environment Temurin-18.0.1+10 (18.0.1+10) (build 18.0.1+10)
# Java VM: OpenJDK 64-Bit Server VM Temurin-18.0.1+10 (18.0.1+10, mixed mode, tiered, compressed oops, compressed class ptrs, g1 gc, windows-amd64)
# No core dump will be written. Minidumps are not enabled by default on client versions of Windows
#

---------------  S U M M A R Y ------------

Command Line: -XX:+ShowCodeDetailsInExceptionMessages -agentlib:jdwp=transport=dt_socket,suspend=y,address=localhost:51636 -javaagent:C:\Users\Anjali\eclipse\jee-2022-03\eclipse\configuration\org.eclipse.osgi\422\0\.cp\lib\javaagent-shaded.jar -Dfile.encoding=UTF-8 com.example.demo.ExampleDemoApplication

Host: Intel(R) Core(TM) i3-6006U CPU @ 2.00GHz, 4 cores, 3G,  Windows 10 , 64 bit Build 19041 (10.0.19041.1706)
Time: Thu Jun  2 22:21:28 2022 India Standard Time elapsed time: 8.103978 seconds (0d 0h 0m 8s)

---------------  T H R E A D  ---------------

Current thread (0x0000015e60a9b140):  JavaThread "C2 CompilerThread0" daemon [_thread_in_native, id=16244, stack(0x0000000e71100000,0x0000000e71200000)]


Current CompileTask:
C2:   8104 3339       4       org.eclipse.jdt.launching.internal.org.objectweb.asm.ClassReader::accept (1412 bytes)

Stack: [0x0000000e71100000,0x0000000e71200000]
Native frames: (J=compiled Java code, j=interpreted, Vv=VM code, C=native code)
V  [jvm.dll+0x69cd4a]
V  [jvm.dll+0x84b63d]
V  [jvm.dll+0x84cf4e]
V  [jvm.dll+0x84d603]
V  [jvm.dll+0x25f19f]
V  [jvm.dll+0xba54f]
V  [jvm.dll+0xba8c5]
V  [jvm.dll+0x38887b]
V  [jvm.dll+0x1d4948]
V  [jvm.dll+0x232299]
V  [jvm.dll+0x231511]
V  [jvm.dll+0x1bbd3c]
V  [jvm.dll+0x240faa]
V  [jvm.dll+0x23f275]
V  [jvm.dll+0x7fdcfb]
V  [jvm.dll+0x7f814a]
V  [jvm.dll+0x69bba5]
C  [ucrtbase.dll+0x21bb2]
C  [KERNEL32.DLL+0x17034]
C  [ntdll.dll+0x52651]


---------------  P R O C E S S  ---------------

Threads class SMR info:
_java_thread_list=0x0000015e66db42d0, length=17, elements={
0x0000015e499b05a0, 0x0000015e60a66150, 0x0000015e60a672b0, 0x0000015e60a97240,
0x0000015e60a97be0, 0x0000015e60a98980, 0x0000015e60a99320, 0x0000015e60a9b140,
0x0000015e60ab2eb0, 0x0000015e60ac5490, 0x0000015e64ce1630, 0x0000015e64f632a0,
0x0000015e64e2a560, 0x0000015e64e2aa40, 0x0000015e657e3d40, 0x0000015e65b3ea90,
0x0000015e65a30260
}

Java Threads: ( => current thread )
  0x0000015e499b05a0 JavaThread "main" [_thread_blocked, id=15632, stack(0x0000000e70400000,0x0000000e70500000)]
  0x0000015e60a66150 JavaThread "Reference Handler" daemon [_thread_blocked, id=9348, stack(0x0000000e70b00000,0x0000000e70c00000)]
  0x0000015e60a672b0 JavaThread "Finalizer" daemon [_thread_blocked, id=2336, stack(0x0000000e70c00000,0x0000000e70d00000)]
  0x0000015e60a97240 JavaThread "Signal Dispatcher" daemon [_thread_blocked, id=6228, stack(0x0000000e70d00000,0x0000000e70e00000)]
  0x0000015e60a97be0 JavaThread "Attach Listener" daemon [_thread_blocked, id=8664, stack(0x0000000e70e00000,0x0000000e70f00000)]
  0x0000015e60a98980 JavaThread "Service Thread" daemon [_thread_blocked, id=14340, stack(0x0000000e70f00000,0x0000000e71000000)]
  0x0000015e60a99320 JavaThread "Monitor Deflation Thread" daemon [_thread_blocked, id=6216, stack(0x0000000e71000000,0x0000000e71100000)]
=>0x0000015e60a9b140 JavaThread "C2 CompilerThread0" daemon [_thread_in_native, id=16244, stack(0x0000000e71100000,0x0000000e71200000)]
  0x0000015e60ab2eb0 JavaThread "C1 CompilerThread0" daemon [_thread_blocked, id=13720, stack(0x0000000e71200000,0x0000000e71300000)]
  0x0000015e60ac5490 JavaThread "Sweeper thread" daemon [_thread_blocked, id=9048, stack(0x0000000e71300000,0x0000000e71400000)]
  0x0000015e64ce1630 JavaThread "Common-Cleaner" daemon [_thread_blocked, id=2368, stack(0x0000000e71400000,0x0000000e71500000)]
  0x0000015e64f632a0 JavaThread "JDWP Transport Listener: dt_socket" daemon [_thread_blocked, id=11328, stack(0x0000000e71500000,0x0000000e71600000)]
  0x0000015e64e2a560 JavaThread "JDWP Event Helper Thread" daemon [_thread_blocked, id=7272, stack(0x0000000e71600000,0x0000000e71700000)]
  0x0000015e64e2aa40 JavaThread "JDWP Command Reader" daemon [_thread_in_native, id=6532, stack(0x0000000e71700000,0x0000000e71800000)]
  0x0000015e657e3d40 JavaThread "Notification Thread" daemon [_thread_blocked, id=6716, stack(0x0000000e71800000,0x0000000e71900000)]
  0x0000015e65b3ea90 JavaThread "Thread-0" [_thread_blocked, id=12956, stack(0x0000000e71e00000,0x0000000e71f00000)]
  0x0000015e65a30260 JavaThread "restartedMain" [_thread_in_native, id=3840, stack(0x0000000e71f00000,0x0000000e72000000)]

Other Threads:
  0x0000015e49a68260 VMThread "VM Thread" [stack: 0x0000000e70a00000,0x0000000e70b00000] [id=3972]
  0x0000015e499b1340 WatcherThread "VM Periodic Task Thread" [stack: 0x0000000e71900000,0x0000000e71a00000] [id=5492]
  0x0000015e499f0c70 WorkerThread "GC Thread#0" [stack: 0x0000000e70500000,0x0000000e70600000] [id=9176]
  0x0000015e658d3630 WorkerThread "GC Thread#1" [stack: 0x0000000e71a00000,0x0000000e71b00000] [id=15564]
  0x0000015e65904d60 WorkerThread "GC Thread#2" [stack: 0x0000000e71b00000,0x0000000e71c00000] [id=8644]
  0x0000015e6589b860 WorkerThread "GC Thread#3" [stack: 0x0000000e71c00000,0x0000000e71d00000] [id=10820]
  0x0000015e499f9f00 ConcurrentGCThread "G1 Main Marker" [stack: 0x0000000e70600000,0x0000000e70700000] [id=13864]
  0x0000015e499fb800 WorkerThread "G1 Conc#0" [stack: 0x0000000e70700000,0x0000000e70800000] [id=11076]
  0x0000015e49a24730 ConcurrentGCThread "G1 Refine#0" [stack: 0x0000000e70800000,0x0000000e70900000] [id=1352]
  0x0000015e658d38d0 ConcurrentGCThread "G1 Refine#1" [stack: 0x0000000e71d00000,0x0000000e71e00000] [id=12020]
  0x0000015e49a25040 ConcurrentGCThread "G1 Service" [stack: 0x0000000e70900000,0x0000000e70a00000] [id=748]

Threads with active compile tasks:
C2 CompilerThread0     8164 3339       4       org.eclipse.jdt.launching.internal.org.objectweb.asm.ClassReader::accept (1412 bytes)

VM state: not at safepoint (normal execution)

VM Mutex/Monitor currently owned by a thread: None

Heap address: 0x00000000c1a00000, size: 998 MB, Compressed Oops mode: 32-bit

CDS archive(s) not mapped
Compressed class space mapped at: 0x0000000100000000-0x0000000140000000, reserved size: 1073741824
Narrow klass base: 0x0000000000000000, Narrow klass shift: 3, Narrow klass range: 0x140000000

GC Precious Log:
 CardTable entry size: 512
 Card Set container configuration: InlinePtr #cards 5 size 8 Array Of Cards #cards 12 size 40 Howl #buckets 4 coarsen threshold 1843 Howl Bitmap #cards 512 size 80 coarsen threshold 460 Card regions per heap region 1 cards per card region 2048
 CPUs: 4 total, 4 available
 Memory: 3987M
 Large Page Support: Disabled
 NUMA Support: Disabled
 Compressed Oops: Enabled (32-bit)
 Heap Region Size: 1M
 Heap Min Capacity: 8M
 Heap Initial Capacity: 64M
 Heap Max Capacity: 998M
 Pre-touch: Disabled
 Parallel Workers: 4
 Concurrent Workers: 1
 Concurrent Refinement Workers: 4
 Periodic GC: Disabled

Heap:
 garbage-first heap   total 55296K, used 20271K [0x00000000c1a00000, 0x0000000100000000)
  region size 1024K, 7 young (7168K), 1 survivors (1024K)
 Metaspace       used 39700K, committed 40000K, reserved 1114112K
  class space    used 4543K, committed 4672K, reserved 1048576K

Heap Regions: E=young(eden), S=young(survivor), O=old, HS=humongous(starts), HC=humongous(continues), CS=collection set, F=free, OA=open archive, CA=closed archive, TAMS=top-at-mark-start (previous, next)
|   0|0x00000000c1a00000, 0x00000000c1b00000, 0x00000000c1b00000|100%|HS|  |TAMS 0x00000000c1b00000, 0x00000000c1a00000| Complete 
|   1|0x00000000c1b00000, 0x00000000c1c00000, 0x00000000c1c00000|100%| O|  |TAMS 0x00000000c1c00000, 0x00000000c1b00000| Untracked 
|   2|0x00000000c1c00000, 0x00000000c1d00000, 0x00000000c1d00000|100%| O|  |TAMS 0x00000000c1d00000, 0x00000000c1c00000| Untracked 
|   3|0x00000000c1d00000, 0x00000000c1e00000, 0x00000000c1e00000|100%| O|  |TAMS 0x00000000c1e00000, 0x00000000c1d00000| Untracked 
|   4|0x00000000c1e00000, 0x00000000c1f00000, 0x00000000c1f00000|100%| O|  |TAMS 0x00000000c1f00000, 0x00000000c1e00000| Untracked 
|   5|0x00000000c1f00000, 0x00000000c2000000, 0x00000000c2000000|100%| O|  |TAMS 0x00000000c2000000, 0x00000000c1f00000| Untracked 
|   6|0x00000000c2000000, 0x00000000c2100000, 0x00000000c2100000|100%| O|  |TAMS 0x00000000c2000000, 0x00000000c2000000| Untracked 
|   7|0x00000000c2100000, 0x00000000c2200000, 0x00000000c2200000|100%| O|  |TAMS 0x00000000c2200000, 0x00000000c2100000| Untracked 
|   8|0x00000000c2200000, 0x00000000c2300000, 0x00000000c2300000|100%| O|  |TAMS 0x00000000c2300000, 0x00000000c2200000| Untracked 
|   9|0x00000000c2300000, 0x00000000c2400000, 0x00000000c2400000|100%| O|  |TAMS 0x00000000c23ff200, 0x00000000c2300000| Untracked 
|  10|0x00000000c2400000, 0x00000000c2400000, 0x00000000c2500000|  0%| F|  |TAMS 0x00000000c2400000, 0x00000000c2400000| Untracked 
|  11|0x00000000c2500000, 0x00000000c2600000, 0x00000000c2600000|100%| O|  |TAMS 0x00000000c2500000, 0x00000000c2500000| Untracked 
|  12|0x00000000c2600000, 0x00000000c2700000, 0x00000000c2700000|100%| O|  |TAMS 0x00000000c2600000, 0x00000000c2600000| Untracked 
|  13|0x00000000c2700000, 0x00000000c2800000, 0x00000000c2800000|100%| O|  |TAMS 0x00000000c2700000, 0x00000000c2700000| Untracked 
|  14|0x00000000c2800000, 0x00000000c2900000, 0x00000000c2900000|100%| O|  |TAMS 0x00000000c2800000, 0x00000000c2800000| Untracked 
|  15|0x00000000c2900000, 0x00000000c2a00000, 0x00000000c2a00000|100%| O|  |TAMS 0x00000000c2900000, 0x00000000c2900000| Untracked 
|  16|0x00000000c2a00000, 0x00000000c2a4a800, 0x00000000c2b00000| 29%| O|  |TAMS 0x00000000c2a00000, 0x00000000c2a00000| Untracked 
|  17|0x00000000c2b00000, 0x00000000c2b00000, 0x00000000c2c00000|  0%| F|  |TAMS 0x00000000c2b00000, 0x00000000c2b00000| Untracked 
|  18|0x00000000c2c00000, 0x00000000c2c00000, 0x00000000c2d00000|  0%| F|  |TAMS 0x00000000c2c00000, 0x00000000c2c00000| Untracked 
|  19|0x00000000c2d00000, 0x00000000c2d00000, 0x00000000c2e00000|  0%| F|  |TAMS 0x00000000c2d00000, 0x00000000c2d00000| Untracked 
|  20|0x00000000c2e00000, 0x00000000c2e00000, 0x00000000c2f00000|  0%| F|  |TAMS 0x00000000c2e00000, 0x00000000c2e00000| Untracked 
|  21|0x00000000c2f00000, 0x00000000c2f00000, 0x00000000c3000000|  0%| F|  |TAMS 0x00000000c2f00000, 0x00000000c2f00000| Untracked 
|  22|0x00000000c3000000, 0x00000000c3000000, 0x00000000c3100000|  0%| F|  |TAMS 0x00000000c3000000, 0x00000000c3000000| Untracked 
|  23|0x00000000c3100000, 0x00000000c3100000, 0x00000000c3200000|  0%| F|  |TAMS 0x00000000c3100000, 0x00000000c3100000| Untracked 
|  24|0x00000000c3200000, 0x00000000c3200000, 0x00000000c3300000|  0%| F|  |TAMS 0x00000000c3200000, 0x00000000c3200000| Untracked 
|  25|0x00000000c3300000, 0x00000000c3300000, 0x00000000c3400000|  0%| F|  |TAMS 0x00000000c3300000, 0x00000000c3300000| Untracked 
|  26|0x00000000c3400000, 0x00000000c3400000, 0x00000000c3500000|  0%| F|  |TAMS 0x00000000c3400000, 0x00000000c3400000| Untracked 
|  27|0x00000000c3500000, 0x00000000c3500000, 0x00000000c3600000|  0%| F|  |TAMS 0x00000000c3500000, 0x00000000c3500000| Untracked 
|  28|0x00000000c3600000, 0x00000000c3600000, 0x00000000c3700000|  0%| F|  |TAMS 0x00000000c3600000, 0x00000000c3600000| Untracked 
|  29|0x00000000c3700000, 0x00000000c3700000, 0x00000000c3800000|  0%| F|  |TAMS 0x00000000c3700000, 0x00000000c3700000| Untracked 
|  30|0x00000000c3800000, 0x00000000c3800000, 0x00000000c3900000|  0%| F|  |TAMS 0x00000000c3800000, 0x00000000c3800000| Untracked 
|  31|0x00000000c3900000, 0x00000000c3900000, 0x00000000c3a00000|  0%| F|  |TAMS 0x00000000c3900000, 0x00000000c3900000| Untracked 
|  32|0x00000000c3a00000, 0x00000000c3a00000, 0x00000000c3b00000|  0%| F|  |TAMS 0x00000000c3a00000, 0x00000000c3a00000| Untracked 
|  33|0x00000000c3b00000, 0x00000000c3b00000, 0x00000000c3c00000|  0%| F|  |TAMS 0x00000000c3b00000, 0x00000000c3b00000| Untracked 
|  34|0x00000000c3c00000, 0x00000000c3c00000, 0x00000000c3d00000|  0%| F|  |TAMS 0x00000000c3c00000, 0x00000000c3c00000| Untracked 
|  35|0x00000000c3d00000, 0x00000000c3d00000, 0x00000000c3e00000|  0%| F|  |TAMS 0x00000000c3d00000, 0x00000000c3d00000| Untracked 
|  36|0x00000000c3e00000, 0x00000000c3e00000, 0x00000000c3f00000|  0%| F|  |TAMS 0x00000000c3e00000, 0x00000000c3e00000| Untracked 
|  37|0x00000000c3f00000, 0x00000000c3f00000, 0x00000000c4000000|  0%| F|  |TAMS 0x00000000c3f00000, 0x00000000c3f00000| Untracked 
|  38|0x00000000c4000000, 0x00000000c4000000, 0x00000000c4100000|  0%| F|  |TAMS 0x00000000c4000000, 0x00000000c4000000| Untracked 
|  39|0x00000000c4100000, 0x00000000c4100000, 0x00000000c4200000|  0%| F|  |TAMS 0x00000000c4100000, 0x00000000c4100000| Untracked 
|  40|0x00000000c4200000, 0x00000000c4200000, 0x00000000c4300000|  0%| F|  |TAMS 0x00000000c4200000, 0x00000000c4200000| Untracked 
|  41|0x00000000c4300000, 0x00000000c4300000, 0x00000000c4400000|  0%| F|  |TAMS 0x00000000c4300000, 0x00000000c4300000| Untracked 
|  42|0x00000000c4400000, 0x00000000c4400000, 0x00000000c4500000|  0%| F|  |TAMS 0x00000000c4400000, 0x00000000c4400000| Untracked 
|  43|0x00000000c4500000, 0x00000000c4500000, 0x00000000c4600000|  0%| F|  |TAMS 0x00000000c4500000, 0x00000000c4500000| Untracked 
|  44|0x00000000c4600000, 0x00000000c4600000, 0x00000000c4700000|  0%| F|  |TAMS 0x00000000c4600000, 0x00000000c4600000| Untracked 
|  45|0x00000000c4700000, 0x00000000c4700000, 0x00000000c4800000|  0%| F|  |TAMS 0x00000000c4700000, 0x00000000c4700000| Untracked 
|  46|0x00000000c4800000, 0x00000000c4800000, 0x00000000c4900000|  0%| F|  |TAMS 0x00000000c4800000, 0x00000000c4800000| Untracked 
|  47|0x00000000c4900000, 0x00000000c494b6c0, 0x00000000c4a00000| 29%| E|  |TAMS 0x00000000c4900000, 0x00000000c4900000| Complete 
|  48|0x00000000c4a00000, 0x00000000c4b00000, 0x00000000c4b00000|100%| E|CS|TAMS 0x00000000c4a00000, 0x00000000c4a00000| Complete 
|  55|0x00000000c5100000, 0x00000000c5200000, 0x00000000c5200000|100%| E|CS|TAMS 0x00000000c5100000, 0x00000000c5100000| Complete 
|  56|0x00000000c5200000, 0x00000000c5300000, 0x00000000c5300000|100%| E|CS|TAMS 0x00000000c5200000, 0x00000000c5200000| Complete 
|  57|0x00000000c5300000, 0x00000000c5400000, 0x00000000c5400000|100%| E|  |TAMS 0x00000000c5300000, 0x00000000c5300000| Complete 
|  58|0x00000000c5400000, 0x00000000c5481620, 0x00000000c5500000| 50%| S|CS|TAMS 0x00000000c5400000, 0x00000000c5400000| Complete 
|  70|0x00000000c6000000, 0x00000000c6100000, 0x00000000c6100000|100%| E|CS|TAMS 0x00000000c6000000, 0x00000000c6000000| Complete 

Card table byte_map: [0x0000015e5c280000,0x0000015e5c480000] _byte_map_base: 0x0000015e5bc73000

Marking Bits (Prev, Next): (CMBitMap*) 0x0000015e499f1170, (CMBitMap*) 0x0000015e499f11b0
 Prev Bits: [0x0000015e5c680000, 0x0000015e5d618000)
 Next Bits: [0x0000015e5d620000, 0x0000015e5e5b8000)

Polling page: 0x0000015e49170000

Metaspace:

Usage:
  Non-class:     34.35 MB used.
      Class:      4.44 MB used.
       Both:     38.78 MB used.

Virtual space:
  Non-class space:       64.00 MB reserved,      34.50 MB ( 54%) committed,  1 nodes.
      Class space:        1.00 GB reserved,       4.56 MB ( <1%) committed,  1 nodes.
             Both:        1.06 GB reserved,      39.06 MB (  4%) committed. 

Chunk freelists:
   Non-Class:  1.02 MB
       Class:  3.31 MB
        Both:  4.33 MB

MaxMetaspaceSize: unlimited
CompressedClassSpaceSize: 1.00 GB
Initial GC threshold: 21.00 MB
Current GC threshold: 59.06 MB
CDS: off
MetaspaceReclaimPolicy: balanced
 - commit_granule_bytes: 65536.
 - commit_granule_words: 8192.
 - virtual_space_node_default_size: 8388608.
 - enlarge_chunks_in_place: 1.
 - new_chunks_are_fully_committed: 0.
 - uncommit_free_chunks: 1.
 - use_allocation_guard: 0.


Internal statistics:

num_allocs_failed_limit: 8.
num_arena_births: 348.
num_arena_deaths: 0.
num_vsnodes_births: 2.
num_vsnodes_deaths: 0.
num_space_committed: 625.
num_space_uncommitted: 0.
num_chunks_returned_to_freelist: 8.
num_chunks_taken_from_freelist: 1404.
num_chunk_merges: 8.
num_chunk_splits: 953.
num_chunks_enlarged: 758.
num_inconsistent_stats: 0.

CodeHeap 'non-profiled nmethods': size=120000Kb used=1420Kb max_used=1420Kb free=118580Kb
 bounds [0x0000015e54b50000, 0x0000015e54dc0000, 0x0000015e5c080000]
CodeHeap 'profiled nmethods': size=120000Kb used=8048Kb max_used=8048Kb free=111951Kb
 bounds [0x0000015e4d620000, 0x0000015e4de00000, 0x0000015e54b50000]
CodeHeap 'non-nmethods': size=5760Kb used=1277Kb max_used=1339Kb free=4482Kb
 bounds [0x0000015e4d080000, 0x0000015e4d2f0000, 0x0000015e4d620000]
 total_blobs=4294 nmethods=3799 adapters=407
 compilation: enabled
              stopped_count=0, restarted_count=0
 full_count=0

Compilation events (20 events):
Event: 8.057 Thread 0x0000015e60ab2eb0 3829       2       java.util.jar.Attributes::size (10 bytes)
Event: 8.057 Thread 0x0000015e60ab2eb0 nmethod 3829 0x0000015e4ddebe90 code [0x0000015e4ddec020, 0x0000015e4ddec148]
Event: 8.058 Thread 0x0000015e60ab2eb0 3830 %     3       sun.security.provider.SHA::implCompress0 @ 218 (506 bytes)
Event: 8.059 Thread 0x0000015e60ab2eb0 nmethod 3830% 0x0000015e4ddec210 code [0x0000015e4ddec440, 0x0000015e4dded088]
Event: 8.059 Thread 0x0000015e60ab2eb0 3831       2       jdk.internal.org.objectweb.asm.Type::getObjectType (31 bytes)
Event: 8.060 Thread 0x0000015e60ab2eb0 nmethod 3831 0x0000015e4dded790 code [0x0000015e4dded940, 0x0000015e4ddedc18]
Event: 8.060 Thread 0x0000015e60ab2eb0 3832       2       java.lang.invoke.MethodHandles$Lookup::defineHiddenClass (69 bytes)
Event: 8.062 Thread 0x0000015e60ab2eb0 nmethod 3832 0x0000015e4ddede90 code [0x0000015e4ddee100, 0x0000015e4ddee6f8]
Event: 8.062 Thread 0x0000015e60ab2eb0 3833       2       java.lang.invoke.MethodHandles$Lookup::makeHiddenClassDefiner (22 bytes)
Event: 8.062 Thread 0x0000015e60ab2eb0 nmethod 3833 0x0000015e4ddeeb10 code [0x0000015e4ddeecc0, 0x0000015e4ddeee48]
Event: 8.062 Thread 0x0000015e60ab2eb0 3834       2       java.lang.invoke.MethodHandles$Lookup$ClassDefiner::defineClassAsLookup (19 bytes)
Event: 8.062 Thread 0x0000015e60ab2eb0 nmethod 3834 0x0000015e4ddeef90 code [0x0000015e4ddef140, 0x0000015e4ddef318]
Event: 8.062 Thread 0x0000015e60ab2eb0 3835       2       java.lang.invoke.MethodHandles$Lookup::findConstructor (61 bytes)
Event: 8.063 Thread 0x0000015e60ab2eb0 nmethod 3835 0x0000015e4ddef410 code [0x0000015e4ddef640, 0x0000015e4ddefa38]
Event: 8.063 Thread 0x0000015e60ab2eb0 3836       2       java.lang.invoke.MethodHandles$Lookup::getDirectConstructor (10 bytes)
Event: 8.063 Thread 0x0000015e60ab2eb0 nmethod 3836 0x0000015e4ddefd10 code [0x0000015e4ddefea0, 0x0000015e4ddeffe8]
Event: 8.066 Thread 0x0000015e60ab2eb0 3838       2       java.lang.StringBuilder::toString (35 bytes)
Event: 8.066 Thread 0x0000015e60ab2eb0 nmethod 3838 0x0000015e4ddf0090 code [0x0000015e4ddf0240, 0x0000015e4ddf03f8]
Event: 8.079 Thread 0x0000015e60ab2eb0 3839       3       org.eclipse.jdt.launching.internal.org.objectweb.asm.ClassWriter::toByteArray (1535 bytes)
Event: 8.087 Thread 0x0000015e60ab2eb0 nmethod 3839 0x0000015e4ddf0490 code [0x0000015e4ddf0d80, 0x0000015e4ddf4b18]

GC Heap History (20 events):
Event: 3.455 GC heap before
{Heap before GC invocations=4 (full 0):
 garbage-first heap   total 65536K, used 11915K [0x00000000c1a00000, 0x0000000100000000)
  region size 1024K, 7 young (7168K), 3 survivors (3072K)
 Metaspace       used 21324K, committed 21504K, reserved 1114112K
  class space    used 2195K, committed 2304K, reserved 1048576K
}
Event: 3.460 GC heap after
{Heap after GC invocations=5 (full 0):
 garbage-first heap   total 65536K, used 8855K [0x00000000c1a00000, 0x0000000100000000)
  region size 1024K, 3 young (3072K), 3 survivors (3072K)
 Metaspace       used 21324K, committed 21504K, reserved 1114112K
  class space    used 2195K, committed 2304K, reserved 1048576K
}
Event: 3.824 GC heap before
{Heap before GC invocations=6 (full 0):
 garbage-first heap   total 37888K, used 27287K [0x00000000c1a00000, 0x0000000100000000)
  region size 1024K, 22 young (22528K), 3 survivors (3072K)
 Metaspace       used 23115K, committed 23424K, reserved 1114112K
  class space    used 2461K, committed 2624K, reserved 1048576K
}
Event: 3.834 GC heap after
{Heap after GC invocations=7 (full 0):
 garbage-first heap   total 37888K, used 9546K [0x00000000c1a00000, 0x0000000100000000)
  region size 1024K, 2 young (2048K), 2 survivors (2048K)
 Metaspace       used 23115K, committed 23424K, reserved 1114112K
  class space    used 2461K, committed 2624K, reserved 1048576K
}
Event: 3.850 GC heap before
{Heap before GC invocations=7 (full 0):
 garbage-first heap   total 37888K, used 10570K [0x00000000c1a00000, 0x0000000100000000)
  region size 1024K, 3 young (3072K), 2 survivors (2048K)
 Metaspace       used 23213K, committed 23488K, reserved 1114112K
  class space    used 2476K, committed 2624K, reserved 1048576K
}
Event: 3.856 GC heap after
{Heap after GC invocations=8 (full 0):
 garbage-first heap   total 37888K, used 9604K [0x00000000c1a00000, 0x0000000100000000)
  region size 1024K, 1 young (1024K), 1 survivors (1024K)
 Metaspace       used 23213K, committed 23488K, reserved 1114112K
  class space    used 2476K, committed 2624K, reserved 1048576K
}
Event: 4.309 GC heap before
{Heap before GC invocations=8 (full 0):
 garbage-first heap   total 37888K, used 25988K [0x00000000c1a00000, 0x0000000100000000)
  region size 1024K, 18 young (18432K), 1 survivors (1024K)
 Metaspace       used 24887K, committed 25088K, reserved 1114112K
  class space    used 2734K, committed 2816K, reserved 1048576K
}
Event: 4.312 GC heap after
{Heap after GC invocations=9 (full 0):
 garbage-first heap   total 72704K, used 9847K [0x00000000c1a00000, 0x0000000100000000)
  region size 1024K, 1 young (1024K), 1 survivors (1024K)
 Metaspace       used 24887K, committed 25088K, reserved 1114112K
  class space    used 2734K, committed 2816K, reserved 1048576K
}
Event: 4.958 GC heap before
{Heap before GC invocations=9 (full 0):
 garbage-first heap   total 72704K, used 50807K [0x00000000c1a00000, 0x0000000100000000)
  region size 1024K, 42 young (43008K), 1 survivors (1024K)
 Metaspace       used 28730K, committed 29056K, reserved 1114112K
  class space    used 3124K, committed 3264K, reserved 1048576K
}
Event: 4.962 GC heap after
{Heap after GC invocations=10 (full 0):
 garbage-first heap   total 72704K, used 11144K [0x00000000c1a00000, 0x0000000100000000)
  region size 1024K, 2 young (2048K), 2 survivors (2048K)
 Metaspace       used 28730K, committed 29056K, reserved 1114112K
  class space    used 3124K, committed 3264K, reserved 1048576K
}
Event: 6.029 GC heap before
{Heap before GC invocations=10 (full 0):
 garbage-first heap   total 72704K, used 52104K [0x00000000c1a00000, 0x0000000100000000)
  region size 1024K, 42 young (43008K), 2 survivors (2048K)
 Metaspace       used 31584K, committed 31808K, reserved 1114112K
  class space    used 3482K, committed 3584K, reserved 1048576K
}
Event: 6.034 GC heap after
{Heap after GC invocations=11 (full 0):
 garbage-first heap   total 72704K, used 11908K [0x00000000c1a00000, 0x0000000100000000)
  region size 1024K, 3 young (3072K), 3 survivors (3072K)
 Metaspace       used 31584K, committed 31808K, reserved 1114112K
  class space    used 3482K, committed 3584K, reserved 1048576K
}
Event: 6.906 GC heap before
{Heap before GC invocations=11 (full 0):
 garbage-first heap   total 72704K, used 51844K [0x00000000c1a00000, 0x0000000100000000)
  region size 1024K, 42 young (43008K), 3 survivors (3072K)
 Metaspace       used 34750K, committed 35008K, reserved 1114112K
  class space    used 3913K, committed 4032K, reserved 1048576K
}
Event: 6.915 GC heap after
{Heap after GC invocations=12 (full 0):
 garbage-first heap   total 72704K, used 13160K [0x00000000c1a00000, 0x0000000100000000)
  region size 1024K, 4 young (4096K), 4 survivors (4096K)
 Metaspace       used 34750K, committed 35008K, reserved 1114112K
  class space    used 3913K, committed 4032K, reserved 1048576K
}
Event: 7.224 GC heap before
{Heap before GC invocations=12 (full 0):
 garbage-first heap   total 72704K, used 23400K [0x00000000c1a00000, 0x0000000100000000)
  region size 1024K, 16 young (16384K), 4 survivors (4096K)
 Metaspace       used 35843K, committed 36096K, reserved 1114112K
  class space    used 4085K, committed 4224K, reserved 1048576K
}
Event: 7.232 GC heap after
{Heap after GC invocations=13 (full 0):
 garbage-first heap   total 72704K, used 14135K [0x00000000c1a00000, 0x0000000100000000)
  region size 1024K, 4 young (4096K), 4 survivors (4096K)
 Metaspace       used 35843K, committed 36096K, reserved 1114112K
  class space    used 4085K, committed 4224K, reserved 1048576K
}
Event: 8.013 GC heap before
{Heap before GC invocations=14 (full 0):
 garbage-first heap   total 55296K, used 41783K [0x00000000c1a00000, 0x0000000100000000)
  region size 1024K, 32 young (32768K), 4 survivors (4096K)
 Metaspace       used 38978K, committed 39360K, reserved 1114112K
  class space    used 4482K, committed 4672K, reserved 1048576K
}
Event: 8.022 GC heap after
{Heap after GC invocations=15 (full 0):
 garbage-first heap   total 55296K, used 15799K [0x00000000c1a00000, 0x0000000100000000)
  region size 1024K, 3 young (3072K), 3 survivors (3072K)
 Metaspace       used 38978K, committed 39360K, reserved 1114112K
  class space    used 4482K, committed 4672K, reserved 1048576K
}
Event: 8.037 GC heap before
{Heap before GC invocations=15 (full 0):
 garbage-first heap   total 55296K, used 16823K [0x00000000c1a00000, 0x0000000100000000)
  region size 1024K, 4 young (4096K), 3 survivors (3072K)
 Metaspace       used 38985K, committed 39360K, reserved 1114112K
  class space    used 4482K, committed 4672K, reserved 1048576K
}
Event: 8.042 GC heap after
{Heap after GC invocations=16 (full 0):
 garbage-first heap   total 55296K, used 16175K [0x00000000c1a00000, 0x0000000100000000)
  region size 1024K, 1 young (1024K), 1 survivors (1024K)
 Metaspace       used 38985K, committed 39360K, reserved 1114112K
  class space    used 4482K, committed 4672K, reserved 1048576K
}

Deoptimization events (20 events):
Event: 7.986 Thread 0x0000015e65a30260 DEOPT PACKING pc=0x0000015e4d8529e4 sp=0x0000000e71ffe8a0
Event: 7.986 Thread 0x0000015e65a30260 DEOPT UNPACKING pc=0x0000015e4d0d2b43 sp=0x0000000e71ffdd68 mode 1
Event: 7.986 Thread 0x0000015e65a30260 DEOPT PACKING pc=0x0000015e4d83945c sp=0x0000000e71ffe930
Event: 7.986 Thread 0x0000015e65a30260 DEOPT UNPACKING pc=0x0000015e4d0d2b43 sp=0x0000000e71ffde08 mode 1
Event: 7.997 Thread 0x0000015e65a30260 DEOPT PACKING pc=0x0000015e4d7e89b1 sp=0x0000000e71ffd930
Event: 7.997 Thread 0x0000015e65a30260 DEOPT UNPACKING pc=0x0000015e4d0d2b43 sp=0x0000000e71ffcd88 mode 1
Event: 7.997 Thread 0x0000015e65a30260 DEOPT PACKING pc=0x0000015e4d7e7154 sp=0x0000000e71ffd9c0
Event: 7.997 Thread 0x0000015e65a30260 DEOPT UNPACKING pc=0x0000015e4d0d2b43 sp=0x0000000e71ffce78 mode 1
Event: 8.049 Thread 0x0000015e65a30260 Uncommon trap: trap_request=0xffffff45 fr.pc=0x0000015e54c93ba0 relative=0x0000000000000080
Event: 8.049 Thread 0x0000015e65a30260 Uncommon trap: reason=unstable_if action=reinterpret pc=0x0000015e54c93ba0 method=java.util.jar.JarFile.maybeInstantiateVerifier()V @ 27 c2
Event: 8.049 Thread 0x0000015e65a30260 DEOPT PACKING pc=0x0000015e54c93ba0 sp=0x0000000e71ffe370
Event: 8.049 Thread 0x0000015e65a30260 DEOPT UNPACKING pc=0x0000015e4d0d23a3 sp=0x0000000e71ffe300 mode 2
Event: 8.079 Thread 0x0000015e65a30260 DEOPT PACKING pc=0x0000015e4dc0b0ae sp=0x0000000e71ffc050
Event: 8.079 Thread 0x0000015e65a30260 DEOPT UNPACKING pc=0x0000015e4d0d2b43 sp=0x0000000e71ffb610 mode 0
Event: 8.085 Thread 0x0000015e65a30260 DEOPT PACKING pc=0x0000015e4d7e89b1 sp=0x0000000e71ffd920
Event: 8.085 Thread 0x0000015e65a30260 DEOPT UNPACKING pc=0x0000015e4d0d2b43 sp=0x0000000e71ffcd78 mode 1
Event: 8.085 Thread 0x0000015e65a30260 DEOPT PACKING pc=0x0000015e4d7e7154 sp=0x0000000e71ffd9b0
Event: 8.085 Thread 0x0000015e65a30260 DEOPT UNPACKING pc=0x0000015e4d0d2b43 sp=0x0000000e71ffce68 mode 1
Event: 8.086 Thread 0x0000015e65a30260 DEOPT PACKING pc=0x0000015e4dddb6d1 sp=0x0000000e71ffd700
Event: 8.086 Thread 0x0000015e65a30260 DEOPT UNPACKING pc=0x0000015e4d0d2b43 sp=0x0000000e71ffcc08 mode 0

Classes loaded (20 events):
Event: 8.073 Loading class java/util/concurrent/AbstractExecutorService
Event: 8.074 Loading class java/util/concurrent/AbstractExecutorService done
Event: 8.074 Loading class java/util/concurrent/ThreadPoolExecutor done
Event: 8.074 Loading class java/util/concurrent/ScheduledThreadPoolExecutor done
Event: 8.074 Loading class java/util/concurrent/ThreadPoolExecutor$AbortPolicy
Event: 8.074 Loading class java/util/concurrent/RejectedExecutionHandler
Event: 8.074 Loading class java/util/concurrent/RejectedExecutionHandler done
Event: 8.074 Loading class java/util/concurrent/ThreadPoolExecutor$AbortPolicy done
Event: 8.076 Loading class java/util/concurrent/ScheduledThreadPoolExecutor$DelayedWorkQueue
Event: 8.076 Loading class java/util/concurrent/ScheduledThreadPoolExecutor$DelayedWorkQueue done
Event: 8.076 Loading class java/util/concurrent/RunnableScheduledFuture
Event: 8.077 Loading class java/util/concurrent/ScheduledFuture
Event: 8.077 Loading class java/util/concurrent/Delayed
Event: 8.077 Loading class java/util/concurrent/Delayed done
Event: 8.077 Loading class java/util/concurrent/ScheduledFuture done
Event: 8.077 Loading class java/util/concurrent/RunnableScheduledFuture done
Event: 8.098 Loading class java/lang/ThreadLocal$SuppliedThreadLocal
Event: 8.098 Loading class java/lang/ThreadLocal$SuppliedThreadLocal done
Event: 8.099 Loading class java/util/logging/LogRecord
Event: 8.100 Loading class java/util/logging/LogRecord done

Classes unloaded (0 events):
No events

Classes redefined (0 events):
No events

Internal exceptions (20 events):
Event: 7.096 Thread 0x0000015e65a30260 Exception <a 'java/lang/NoSuchMethodError'{0x00000000c5a47d48}: 'int java.lang.invoke.DirectMethodHandle$Holder.invokeSpecial(java.lang.Object, java.lang.Object, java.lang.Object, int)'> (0x00000000c5a47d48) 
thrown [s\src\hotspot\share\interpreter\linkResolver.cpp, line 766]
Event: 7.099 Thread 0x0000015e65a30260 Exception <a 'java/lang/NoSuchMethodError'{0x00000000c5a634d8}: 'void java.lang.invoke.DelegatingMethodHandle$Holder.reinvoke_L(java.lang.Object, java.lang.Object, int)'> (0x00000000c5a634d8) 
thrown [s\src\hotspot\share\interpreter\linkResolver.cpp, line 766]
Event: 7.137 Thread 0x0000015e65a30260 Exception <a 'java/lang/ClassNotFoundException'{0x00000000c59e5b70}: java/lang/ObjectCustomizer> (0x00000000c59e5b70) 
thrown [s\src\hotspot\share\classfile\systemDictionary.cpp, line 255]
Event: 7.139 Thread 0x0000015e65a30260 Exception <a 'java/lang/ClassNotFoundException'{0x00000000c59ed2a8}: org/springframework/transaction/annotation/AbstractTransactionManagementConfigurationCustomizer> (0x00000000c59ed2a8) 
thrown [s\src\hotspot\share\classfile\systemDictionary.cpp, line 255]
Event: 7.141 Thread 0x0000015e65a30260 Exception <a 'java/lang/ClassNotFoundException'{0x00000000c59f3700}: org/springframework/transaction/annotation/ProxyTransactionManagementConfigurationCustomizer> (0x00000000c59f3700) 
thrown [s\src\hotspot\share\classfile\systemDictionary.cpp, line 255]
Event: 7.143 Thread 0x0000015e65a30260 Exception <a 'java/lang/ClassNotFoundException'{0x00000000c59faec8}: org/springframework/context/annotation/ImportAwareCustomizer> (0x00000000c59faec8) 
thrown [s\src\hotspot\share\classfile\systemDictionary.cpp, line 255]
Event: 7.145 Thread 0x0000015e65a30260 Exception <a 'java/lang/ClassNotFoundException'{0x00000000c59ffc88}: org/springframework/beans/factory/AwareCustomizer> (0x00000000c59ffc88) 
thrown [s\src\hotspot\share\classfile\systemDictionary.cpp, line 255]
Event: 7.235 Thread 0x0000015e65a30260 Exception <a 'java/lang/NoSuchMethodError'{0x00000000c6012960}: 'java.lang.Object java.lang.invoke.DirectMethodHandle$Holder.invokeSpecialIFC(java.lang.Object, java.lang.Object, java.lang.Object)'> (0x00000000c6012960) 
thrown [s\src\hotspot\share\interpreter\linkResolver.cpp, line 766]
Event: 7.254 Thread 0x0000015e65a30260 Exception <a 'java/lang/NoSuchMethodError'{0x00000000c60a9c30}: 'java.lang.Object java.lang.invoke.DirectMethodHandle$Holder.invokeVirtual(java.lang.Object, java.lang.Object, java.lang.Object, java.lang.Object, java.lang.Object)'> (0x00000000c60a9c30) 
thrown [s\src\hotspot\share\interpreter\linkResolver.cpp, line 766]
Event: 7.454 Thread 0x0000015e65a30260 Exception <a 'java/lang/NoSuchMethodError'{0x00000000c43ef878}: 'void java.lang.invoke.DirectMethodHandle$Holder.invokeInterface(java.lang.Object, java.lang.Object, int)'> (0x00000000c43ef878) 
thrown [s\src\hotspot\share\interpreter\linkResolver.cpp, line 766]
Event: 7.462 Thread 0x0000015e65a30260 Exception <a 'java/lang/IncompatibleClassChangeError'{0x00000000c423f948}: Found class java.lang.Object, but interface was expected> (0x00000000c423f948) 
thrown [s\src\hotspot\share\interpreter\linkResolver.cpp, line 833]
Event: 7.462 Thread 0x0000015e65a30260 Exception <a 'java/lang/NoSuchMethodError'{0x00000000c4244a40}: 'void java.lang.invoke.DirectMethodHandle$Holder.invokeStatic(java.lang.Object, int, java.lang.Object)'> (0x00000000c4244a40) 
thrown [s\src\hotspot\share\interpreter\linkResolver.cpp, line 766]
Event: 7.468 Thread 0x0000015e65a30260 Exception <a 'java/lang/NoSuchMethodError'{0x00000000c4273ef8}: 'int java.lang.invoke.DirectMethodHandle$Holder.invokeSpecial(java.lang.Object, java.lang.Object, int)'> (0x00000000c4273ef8) 
thrown [s\src\hotspot\share\interpreter\linkResolver.cpp, line 766]
Event: 7.679 Thread 0x0000015e65a30260 Exception <a 'java/lang/NoSuchMethodError'{0x00000000c3db72c0}: 'java.lang.Object java.lang.invoke.DirectMethodHandle$Holder.invokeStaticInit(java.lang.Object, int, int, int, int)'> (0x00000000c3db72c0) 
thrown [s\src\hotspot\share\interpreter\linkResolver.cpp, line 766]
Event: 7.788 Thread 0x0000015e65a30260 Exception <a 'java/lang/NoSuchMethodError'{0x00000000c3c1e8f0}: 'java.lang.Object java.lang.invoke.DirectMethodHandle$Holder.invokeStaticInit(java.lang.Object, java.lang.Object, int, int, int, int)'> (0x00000000c3c1e8f0) 
thrown [s\src\hotspot\share\interpreter\linkResolver.cpp, line 766]
Event: 7.899 Thread 0x0000015e65a30260 Exception <a 'java/lang/NoSuchMethodError'{0x00000000c36a4f48}: 'int java.lang.invoke.DirectMethodHandle$Holder.invokeVirtual(java.lang.Object, java.lang.Object, java.lang.Object, java.lang.Object)'> (0x00000000c36a4f48) 
thrown [s\src\hotspot\share\interpreter\linkResolver.cpp, line 766]
Event: 7.900 Thread 0x0000015e65a30260 Exception <a 'java/lang/NoSuchMethodError'{0x00000000c36a8a60}: 'int java.lang.invoke.DelegatingMethodHandle$Holder.reinvoke_L(java.lang.Object, java.lang.Object, java.lang.Object, java.lang.Object)'> (0x00000000c36a8a60) 
thrown [s\src\hotspot\share\interpreter\linkResolver.cpp, line 766]
Event: 8.058 Thread 0x0000015e65a30260 Exception <a 'sun/nio/fs/WindowsException'{0x00000000c60ddad0}> (0x00000000c60ddad0) 
thrown [s\src\hotspot\share\prims\jni.cpp, line 516]
Event: 8.061 Thread 0x0000015e65a30260 Exception <a 'sun/nio/fs/WindowsException'{0x00000000c60e37c0}> (0x00000000c60e37c0) 
thrown [s\src\hotspot\share\prims\jni.cpp, line 516]
Event: 8.062 Thread 0x0000015e65a30260 Exception <a 'sun/nio/fs/WindowsException'{0x00000000c60e3ea0}> (0x00000000c60e3ea0) 
thrown [s\src\hotspot\share\prims\jni.cpp, line 516]

VM Operations (20 events):
Event: 7.192 Executing VM operation: HandshakeAllThreads
Event: 7.192 Executing VM operation: HandshakeAllThreads done
Event: 7.223 Executing VM operation: CollectForMetadataAllocation
Event: 7.232 Executing VM operation: CollectForMetadataAllocation done
Event: 7.257 Executing VM operation: G1Concurrent
Event: 7.261 Executing VM operation: G1Concurrent done
Event: 7.261 Executing VM operation: Cleanup
Event: 7.261 Executing VM operation: Cleanup done
Event: 7.272 Executing VM operation: G1Concurrent
Event: 7.272 Executing VM operation: G1Concurrent done
Event: 7.399 Executing VM operation: HandshakeAllThreads
Event: 7.399 Executing VM operation: HandshakeAllThreads done
Event: 7.609 Executing VM operation: HandshakeAllThreads
Event: 7.609 Executing VM operation: HandshakeAllThreads done
Event: 8.013 Executing VM operation: G1CollectForAllocation
Event: 8.022 Executing VM operation: G1CollectForAllocation done
Event: 8.022 Executing VM operation: Cleanup
Event: 8.022 Executing VM operation: Cleanup done
Event: 8.037 Executing VM operation: G1CollectForAllocation
Event: 8.043 Executing VM operation: G1CollectForAllocation done

Events (20 events):
Event: 0.398 Thread 0x0000015e64ce1630 Thread added: 0x0000015e64ce1630
Event: 0.474 Thread 0x0000015e64f632a0 Thread added: 0x0000015e64f632a0
Event: 0.474 Thread 0x0000015e64e2a560 Thread added: 0x0000015e64e2a560
Event: 0.474 Thread 0x0000015e64e2aa40 Thread added: 0x0000015e64e2aa40
Event: 0.974 Loaded shared library C:\Users\Anjali\.p2\pool\plugins\org.eclipse.justj.openjdk.hotspot.jre.full.win32.x86_64_18.0.1.v20220515-1614\jre\bin\zip.dll
Event: 0.992 Loaded shared library C:\Users\Anjali\.p2\pool\plugins\org.eclipse.justj.openjdk.hotspot.jre.full.win32.x86_64_18.0.1.v20220515-1614\jre\bin\instrument.dll
Event: 1.026 Loaded shared library C:\Users\Anjali\.p2\pool\plugins\org.eclipse.justj.openjdk.hotspot.jre.full.win32.x86_64_18.0.1.v20220515-1614\jre\bin\net.dll
Event: 1.028 Loaded shared library C:\Users\Anjali\.p2\pool\plugins\org.eclipse.justj.openjdk.hotspot.jre.full.win32.x86_64_18.0.1.v20220515-1614\jre\bin\nio.dll
Event: 1.038 Loaded shared library C:\Users\Anjali\.p2\pool\plugins\org.eclipse.justj.openjdk.hotspot.jre.full.win32.x86_64_18.0.1.v20220515-1614\jre\bin\zip.dll
Event: 1.329 Loaded shared library C:\Users\Anjali\.p2\pool\plugins\org.eclipse.justj.openjdk.hotspot.jre.full.win32.x86_64_18.0.1.v20220515-1614\jre\bin\jimage.dll
Event: 1.529 Thread 0x0000015e657e3d40 Thread added: 0x0000015e657e3d40
Event: 1.546 Loaded shared library C:\Users\Anjali\.p2\pool\plugins\org.eclipse.justj.openjdk.hotspot.jre.full.win32.x86_64_18.0.1.v20220515-1614\jre\bin\verify.dll
Event: 2.196 Loaded shared library C:\Users\Anjali\.p2\pool\plugins\org.eclipse.justj.openjdk.hotspot.jre.full.win32.x86_64_18.0.1.v20220515-1614\jre\bin\management.dll
Event: 2.205 Loaded shared library C:\Users\Anjali\.p2\pool\plugins\org.eclipse.justj.openjdk.hotspot.jre.full.win32.x86_64_18.0.1.v20220515-1614\jre\bin\management_ext.dll
Event: 2.283 Thread 0x0000015e65b3ea90 Thread added: 0x0000015e65b3ea90
Event: 2.293 Thread 0x0000015e65a30260 Thread added: 0x0000015e65a30260
Event: 3.178 Thread 0x0000015e660f9650 Thread added: 0x0000015e660f9650
Event: 4.451 Thread 0x0000015e66216770 Thread added: 0x0000015e66216770
Event: 4.745 Thread 0x0000015e66216770 Thread exited: 0x0000015e66216770
Event: 5.358 Thread 0x0000015e660f9650 Thread exited: 0x0000015e660f9650


Dynamic libraries:
0x00007ff77e5a0000 - 0x00007ff77e5ae000 	C:\Users\Anjali\.p2\pool\plugins\org.eclipse.justj.openjdk.hotspot.jre.full.win32.x86_64_18.0.1.v20220515-1614\jre\bin\javaw.exe
0x00007ffb37f50000 - 0x00007ffb38145000 	C:\WINDOWS\SYSTEM32\ntdll.dll
0x00007ffb37550000 - 0x00007ffb3760d000 	C:\WINDOWS\System32\KERNEL32.DLL
0x00007ffb359b0000 - 0x00007ffb35c7d000 	C:\WINDOWS\System32\KERNELBASE.dll
0x00007ffb35c80000 - 0x00007ffb35d80000 	C:\WINDOWS\System32\ucrtbase.dll
0x00007ffb22f10000 - 0x00007ffb22f27000 	C:\Users\Anjali\.p2\pool\plugins\org.eclipse.justj.openjdk.hotspot.jre.full.win32.x86_64_18.0.1.v20220515-1614\jre\bin\jli.dll
0x00007ffb22f30000 - 0x00007ffb22f49000 	C:\Users\Anjali\.p2\pool\plugins\org.eclipse.justj.openjdk.hotspot.jre.full.win32.x86_64_18.0.1.v20220515-1614\jre\bin\VCRUNTIME140.dll
0x00007ffb37260000 - 0x00007ffb37400000 	C:\WINDOWS\System32\USER32.dll
0x00007ffb20d40000 - 0x00007ffb20fda000 	C:\WINDOWS\WinSxS\amd64_microsoft.windows.common-controls_6595b64144ccf1df_6.0.19041.1110_none_60b5254171f9507e\COMCTL32.dll
0x00007ffb35f70000 - 0x00007ffb35f92000 	C:\WINDOWS\System32\win32u.dll
0x00007ffb37610000 - 0x00007ffb376ae000 	C:\WINDOWS\System32\msvcrt.dll
0x00007ffb35fa0000 - 0x00007ffb35fca000 	C:\WINDOWS\System32\GDI32.dll
0x00007ffb358a0000 - 0x00007ffb359ab000 	C:\WINDOWS\System32\gdi32full.dll
0x00007ffb35790000 - 0x00007ffb3582d000 	C:\WINDOWS\System32\msvcp_win.dll
0x00007ffb37e00000 - 0x00007ffb37e30000 	C:\WINDOWS\System32\IMM32.DLL
0x00007ffb269e0000 - 0x00007ffb269ec000 	C:\Users\Anjali\.p2\pool\plugins\org.eclipse.justj.openjdk.hotspot.jre.full.win32.x86_64_18.0.1.v20220515-1614\jre\bin\vcruntime140_1.dll
0x00007ffb07e10000 - 0x00007ffb07ea1000 	C:\Users\Anjali\.p2\pool\plugins\org.eclipse.justj.openjdk.hotspot.jre.full.win32.x86_64_18.0.1.v20220515-1614\jre\bin\msvcp140.dll
0x00007ffb091d0000 - 0x00007ffb09e59000 	C:\Users\Anjali\.p2\pool\plugins\org.eclipse.justj.openjdk.hotspot.jre.full.win32.x86_64_18.0.1.v20220515-1614\jre\bin\server\jvm.dll
0x00007ffb37400000 - 0x00007ffb374ae000 	C:\WINDOWS\System32\ADVAPI32.dll
0x00007ffb36d30000 - 0x00007ffb36dcc000 	C:\WINDOWS\System32\sechost.dll
0x00007ffb37010000 - 0x00007ffb37135000 	C:\WINDOWS\System32\RPCRT4.dll
0x00007ffb37f00000 - 0x00007ffb37f08000 	C:\WINDOWS\System32\PSAPI.DLL
0x00007ffb251a0000 - 0x00007ffb251c7000 	C:\WINDOWS\SYSTEM32\WINMM.dll
0x00007ffb1e220000 - 0x00007ffb1e229000 	C:\WINDOWS\SYSTEM32\WSOCK32.dll
0x00007ffb37e30000 - 0x00007ffb37e9b000 	C:\WINDOWS\System32\WS2_32.dll
0x00007ffb2ae50000 - 0x00007ffb2ae5a000 	C:\WINDOWS\SYSTEM32\VERSION.dll
0x00007ffb33f40000 - 0x00007ffb33f52000 	C:\WINDOWS\SYSTEM32\kernel.appcore.dll
0x00007ffb30f70000 - 0x00007ffb30f7a000 	C:\Users\Anjali\.p2\pool\plugins\org.eclipse.justj.openjdk.hotspot.jre.full.win32.x86_64_18.0.1.v20220515-1614\jre\bin\jimage.dll
0x00007ffb33bc0000 - 0x00007ffb33da4000 	C:\WINDOWS\SYSTEM32\DBGHELP.DLL
0x00007ffb24ef0000 - 0x00007ffb24f1c000 	C:\WINDOWS\SYSTEM32\dbgcore.DLL
0x00007ffb35d80000 - 0x00007ffb35e02000 	C:\WINDOWS\System32\bcryptPrimitives.dll
0x00007ffb13800000 - 0x00007ffb1383b000 	C:\Users\Anjali\.p2\pool\plugins\org.eclipse.justj.openjdk.hotspot.jre.full.win32.x86_64_18.0.1.v20220515-1614\jre\bin\jdwp.dll
0x00007ffb232e0000 - 0x00007ffb232ee000 	C:\Users\Anjali\.p2\pool\plugins\org.eclipse.justj.openjdk.hotspot.jre.full.win32.x86_64_18.0.1.v20220515-1614\jre\bin\instrument.dll
0x00007ffb2d240000 - 0x00007ffb2d265000 	C:\Users\Anjali\.p2\pool\plugins\org.eclipse.justj.openjdk.hotspot.jre.full.win32.x86_64_18.0.1.v20220515-1614\jre\bin\java.dll
0x00007ffb2d220000 - 0x00007ffb2d238000 	C:\Users\Anjali\.p2\pool\plugins\org.eclipse.justj.openjdk.hotspot.jre.full.win32.x86_64_18.0.1.v20220515-1614\jre\bin\zip.dll
0x00007ffb376b0000 - 0x00007ffb37df4000 	C:\WINDOWS\System32\SHELL32.dll
0x00007ffb33350000 - 0x00007ffb33ae4000 	C:\WINDOWS\SYSTEM32\windows.storage.dll
0x00007ffb36750000 - 0x00007ffb36aa4000 	C:\WINDOWS\System32\combase.dll
0x00007ffb34ff0000 - 0x00007ffb3501c000 	C:\WINDOWS\SYSTEM32\Wldp.dll
0x00007ffb36ab0000 - 0x00007ffb36b5d000 	C:\WINDOWS\System32\SHCORE.dll
0x00007ffb36cd0000 - 0x00007ffb36d25000 	C:\WINDOWS\System32\shlwapi.dll
0x00007ffb355a0000 - 0x00007ffb355bf000 	C:\WINDOWS\SYSTEM32\profapi.dll
0x00007ffb22f00000 - 0x00007ffb22f0c000 	C:\Users\Anjali\.p2\pool\plugins\org.eclipse.justj.openjdk.hotspot.jre.full.win32.x86_64_18.0.1.v20220515-1614\jre\bin\dt_socket.dll
0x00007ffb34a40000 - 0x00007ffb34a7b000 	C:\WINDOWS\SYSTEM32\IPHLPAPI.DLL
0x00007ffb34d50000 - 0x00007ffb34dba000 	C:\WINDOWS\system32\mswsock.dll
0x00007ffb34a80000 - 0x00007ffb34b4b000 	C:\WINDOWS\SYSTEM32\DNSAPI.dll
0x00007ffb35fd0000 - 0x00007ffb35fd8000 	C:\WINDOWS\System32\NSI.dll
0x00007ffb2c190000 - 0x00007ffb2c19a000 	C:\Windows\System32\rasadhlp.dll
0x00007ffb21d80000 - 0x00007ffb21e00000 	C:\WINDOWS\System32\fwpuclnt.dll
0x00007ffb35760000 - 0x00007ffb35787000 	C:\WINDOWS\System32\bcrypt.dll
0x00007ffb2d200000 - 0x00007ffb2d213000 	C:\Users\Anjali\.p2\pool\plugins\org.eclipse.justj.openjdk.hotspot.jre.full.win32.x86_64_18.0.1.v20220515-1614\jre\bin\net.dll
0x00007ffb273c0000 - 0x00007ffb274ca000 	C:\WINDOWS\SYSTEM32\WINHTTP.dll
0x00007ffb24e80000 - 0x00007ffb24e96000 	C:\Users\Anjali\.p2\pool\plugins\org.eclipse.justj.openjdk.hotspot.jre.full.win32.x86_64_18.0.1.v20220515-1614\jre\bin\nio.dll
0x00007ffb2d8f0000 - 0x00007ffb2d900000 	C:\Users\Anjali\.p2\pool\plugins\org.eclipse.justj.openjdk.hotspot.jre.full.win32.x86_64_18.0.1.v20220515-1614\jre\bin\verify.dll
0x00007ffb2d430000 - 0x00007ffb2d439000 	C:\Users\Anjali\.p2\pool\plugins\org.eclipse.justj.openjdk.hotspot.jre.full.win32.x86_64_18.0.1.v20220515-1614\jre\bin\management.dll
0x00007ffb22ef0000 - 0x00007ffb22efb000 	C:\Users\Anjali\.p2\pool\plugins\org.eclipse.justj.openjdk.hotspot.jre.full.win32.x86_64_18.0.1.v20220515-1614\jre\bin\management_ext.dll
0x00007ffb18d40000 - 0x00007ffb18d57000 	C:\WINDOWS\system32\napinsp.dll
0x00007ffb18d20000 - 0x00007ffb18d3b000 	C:\WINDOWS\system32\pnrpnsp.dll
0x00007ffb2fbb0000 - 0x00007ffb2fbc5000 	C:\WINDOWS\system32\wshbth.dll
0x00007ffb308c0000 - 0x00007ffb308dd000 	C:\WINDOWS\system32\NLAapi.dll
0x00007ffb18ca0000 - 0x00007ffb18cb2000 	C:\WINDOWS\System32\winrnr.dll
0x00007ffb34f40000 - 0x00007ffb34f58000 	C:\WINDOWS\SYSTEM32\CRYPTSP.dll
0x00007ffb346d0000 - 0x00007ffb34704000 	C:\WINDOWS\system32\rsaenh.dll
0x00007ffb35560000 - 0x00007ffb3558e000 	C:\WINDOWS\SYSTEM32\USERENV.dll
0x00007ffb34f60000 - 0x00007ffb34f6c000 	C:\WINDOWS\SYSTEM32\CRYPTBASE.dll
0x00007ffb27670000 - 0x00007ffb27687000 	C:\WINDOWS\SYSTEM32\dhcpcsvc6.DLL
0x00007ffb2ae30000 - 0x00007ffb2ae4d000 	C:\WINDOWS\SYSTEM32\dhcpcsvc.DLL

dbghelp: loaded successfully - version: 4.0.5 - missing functions: none
symbol engine: initialized successfully - sym options: 0x614 - pdb path: .;C:\Users\Anjali\.p2\pool\plugins\org.eclipse.justj.openjdk.hotspot.jre.full.win32.x86_64_18.0.1.v20220515-1614\jre\bin;C:\WINDOWS\SYSTEM32;C:\WINDOWS\WinSxS\amd64_microsoft.windows.common-controls_6595b64144ccf1df_6.0.19041.1110_none_60b5254171f9507e;C:\Users\Anjali\.p2\pool\plugins\org.eclipse.justj.openjdk.hotspot.jre.full.win32.x86_64_18.0.1.v20220515-1614\jre\bin\server

VM Arguments:
jvm_args: -XX:+ShowCodeDetailsInExceptionMessages -agentlib:jdwp=transport=dt_socket,suspend=y,address=localhost:51636 -javaagent:C:\Users\Anjali\eclipse\jee-2022-03\eclipse\configuration\org.eclipse.osgi\422\0\.cp\lib\javaagent-shaded.jar -Dfile.encoding=UTF-8 
java_command: com.example.demo.ExampleDemoApplication
java_class_path (initial): C:\Users\Anjali\Downloads\spring-boot-mysql-rest-api-tutorial-master\target\classes;C:\Users\Anjali\.m2\repository\org\springframework\boot\spring-boot-starter-data-jpa\2.5.5\spring-boot-starter-data-jpa-2.5.5.jar;C:\Users\Anjali\.m2\repository\org\springframework\boot\spring-boot-starter-aop\2.5.5\spring-boot-starter-aop-2.5.5.jar;C:\Users\Anjali\.m2\repository\org\springframework\spring-aop\5.3.10\spring-aop-5.3.10.jar;C:\Users\Anjali\.m2\repository\org\aspectj\aspectjweaver\1.9.7\aspectjweaver-1.9.7.jar;C:\Users\Anjali\.m2\repository\org\springframework\boot\spring-boot-starter-jdbc\2.5.5\spring-boot-starter-jdbc-2.5.5.jar;C:\Users\Anjali\.m2\repository\com\zaxxer\HikariCP\4.0.3\HikariCP-4.0.3.jar;C:\Users\Anjali\.m2\repository\org\springframework\spring-jdbc\5.3.10\spring-jdbc-5.3.10.jar;C:\Users\Anjali\.m2\repository\jakarta\transaction\jakarta.transaction-api\1.3.3\jakarta.transaction-api-1.3.3.jar;C:\Users\Anjali\.m2\repository\jakarta\persistence\jakarta.persistence-api\2.2.3\jakarta.persistence-api-2.2.3.jar;C:\Users\Anjali\.m2\repository\org\hibernate\hibernate-core\5.4.32.Final\hibernate-core-5.4.32.Final.jar;C:\Users\Anjali\.m2\repository\org\jboss\logging\jboss-logging\3.4.2.Final\jboss-logging-3.4.2.Final.jar;C:\Users\Anjali\.m2\repository\org\javassist\javassist\3.27.0-GA\javassist-3.27.0-GA.jar;C:\Users\Anjali\.m2\repository\net\bytebuddy\byte-buddy\1.10.22\byte-buddy-1.10.22.jar;C:\Users\Anjali\.m2\repository\antlr\antlr\2.7.7\antlr-2.7.7.jar;C:\Users\Anjali\.m2\repository\org\jboss\jandex\2.2.3.Final\jandex-2.2.3.Final.jar;C:\Users\Anjali\.m2\repository\com\fasterxml\classmate\1.5.1\classmate-1.5.1.jar;C:\Users\Anjali\.m2\repository\org\dom4j\dom4j\2.1.3\dom4j-2.1.3.jar;C:\Users\Anjali\.m2\repository\org\hibernate\common\hibernate-commons-annotations\5.1.2.Final\hibernate-commons-annotations-5.1.2.Final.jar;C:\Users\Anjali\.m2\repository\org\glassfish\jaxb\jaxb-runtime\2.3.5\jaxb-runtime-2.3.5.jar;C:\Users\Anjali\.m2\repository\org\glassfish\jaxb\txw2\2.3.5\txw2-2.3.5.jar;C:\Users\Anjali\.m2\repository\com\sun\istack\istack-commons-runtime\3.0.12\istack-commons-runtime-3.0.12.jar;C:\Users\Anjali\.m2\repository\com\sun\activation\jakarta.activation\1.2.2\jakarta.activation-1.2.2.jar;C:\Users\Anjali\.m2\repository\org\springframework\data\spring-data-jpa\2.5.5\spring-data-jpa-2.5.5.jar;C:\Users\Anjali\.m2\repository\org\springframework\data\spring-data-commons\2.5.5\spring-data-commons-2.5.5.jar;C:\Users\Anjali\.m2\repository\org\springframework\spring-orm\5.3.10\spring-orm-5.3.10.jar;C:\Users\Anjali\.m2\repository\org\springframework\spring-context\5.3.10\spring-context-5.3.10.jar;C:\Users\Anjali\.m2\repository\org\springframework\spring-tx\5.3.10\spring-tx-5.3.10.jar;C:\Users\Anjali\.m2\repository\org\springframework\spring-beans\5.3.10\spring-beans-5.3.10.jar;C:\Users\Anjali\.m2\repository\org\slf4j\slf4j-api\1.7.32\slf4j-api-1.7.32.jar;C:\Users\Anjali\.m2\repository\org\springframework\spring-aspects\5.3.10\spring-aspects-5.3.10.jar;C:\Users\Anjali\.m2\repository\org\springframework\boot\spring-boot-starter-web\2.5.5\spring-boot-starter-web-2.5.5.jar;C:\Users\Anjali\.m2\repository\org\springframework\boot\spring-boot-starter\2.5.5\spring-boot-starter-2.5.5.jar;C:\Users\Anjali\.m2\repository\org\springframework\boot\spring-boot-starter-logging\2.5.5\spring-boot-starter-logging-2.5.5.jar;C:\Users\Anjali\.m2\repository\ch\qos\logback\logback-classic\1.2.6\logback-classic-1.2.6.jar;C:\Users\Anjali\.m2\repository\ch\qos\logback\logback-core\1.2.6\logback-core-1.2.6.jar;C:\Users\Anjali\.m2\repository\org\apache\logging\log4j\log4j-to-slf4j\2.14.1\log4j-to-slf4j-2.14.1.jar;C:\Users\Anjali\.m2\repository\org\apache\logging\log4j\log4j-api\2.14.1\log4j-api-2.14.1.jar;C:\Users\Anjali\.m2\repository\org\slf4j\jul-to-slf4j\1.7.32\jul-to-slf4j-1.7.32.jar;C:\Users\Anjali\.m2\repository\jakarta\annotation\jakarta.annotation-api\1.3.5\jakarta.annotation-api-1.3.5.jar;C:\Users\Anjali\.m2\repository\org\yaml\snakeyaml\1.28\snakeyaml-1.28.jar;C:\Users\Anjali\.m2\repository\org\springframework\boot\spring-boot-starter-json\2.5.5\spring-boot-starter-json-2.5.5.jar;C:\Users\Anjali\.m2\repository\com\fasterxml\jackson\core\jackson-databind\2.12.5\jackson-databind-2.12.5.jar;C:\Users\Anjali\.m2\repository\com\fasterxml\jackson\core\jackson-annotations\2.12.5\jackson-annotations-2.12.5.jar;C:\Users\Anjali\.m2\repository\com\fasterxml\jackson\core\jackson-core\2.12.5\jackson-core-2.12.5.jar;C:\Users\Anjali\.m2\repository\com\fasterxml\jackson\datatype\jackson-datatype-jdk8\2.12.5\jackson-datatype-jdk8-2.12.5.jar;C:\Users\Anjali\.m2\repository\com\fasterxml\jackson\datatype\jackson-datatype-jsr310\2.12.5\jackson-datatype-jsr310-2.12.5.jar;C:\Users\Anjali\.m2\repository\com\fasterxml\jackson\module\jackson-module-parameter-names\2.12.5\jackson-module-parameter-names-2.12.5.jar;C:\Users\Anjali\.m2\repository\org\springframework\boot\spring-boot-starter-tomcat\2.5.5\spring-boot-starter-tomcat-2.5.5.jar;C:\Users\Anjali\.m2\repository\org\apache\tomcat\embed\tomcat-embed-core\9.0.53\tomcat-embed-core-9.0.53.jar;C:\Users\Anjali\.m2\repository\org\apache\tomcat\embed\tomcat-embed-websocket\9.0.53\tomcat-embed-websocket-9.0.53.jar;C:\Users\Anjali\.m2\repository\org\springframework\spring-web\5.3.10\spring-web-5.3.10.jar;C:\Users\Anjali\.m2\repository\org\springframework\spring-webmvc\5.3.10\spring-webmvc-5.3.10.jar;C:\Users\Anjali\.m2\repository\org\springframework\spring-expression\5.3.10\spring-expression-5.3.10.jar;C:\Users\Anjali\.m2\repository\org\springframework\boot\spring-boot-starter-validation\2.5.5\spring-boot-starter-validation-2.5.5.jar;C:\Users\Anjali\.m2\repository\org\apache\tomcat\embed\tomcat-embed-el\9.0.53\tomcat-embed-el-9.0.53.jar;C:\Users\Anjali\.m2\repository\org\hibernate\validator\hibernate-validator\6.2.0.Final\hibernate-validator-6.2.0.Final.jar;C:\Users\Anjali\.m2\repository\jakarta\validation\jakarta.validation-api\2.0.2\jakarta.validation-api-2.0.2.jar;C:\Users\Anjali\.m2\repository\org\springframework\boot\spring-boot-devtools\2.5.5\spring-boot-devtools-2.5.5.jar;C:\Users\Anjali\.m2\repository\org\springframework\boot\spring-boot\2.5.5\spring-boot-2.5.5.jar;C:\Users\Anjali\.m2\repository\org\springframework\boot\spring-boot-autoconfigure\2.5.5\spring-boot-autoconfigure-2.5.5.jar;C:\Users\Anjali\.m2\repository\mysql\mysql-connector-java\8.0.26\mysql-connector-java-8.0.26.jar;C:\Users\Anjali\.m2\repository\jakarta\xml\bind\jakarta.xml.bind-api\2.3.3\jakarta.xml.bind-api-2.3.3.jar;C:\Users\Anjali\.m2\repository\jakarta\activation\jakarta.activation-api\1.2.2\jakarta.activation-api-1.2.2.jar;C:\Users\Anjali\.m2\repository\org\springframework\spring-core\5.3.10\spring-core-5.3.10.jar;C:\Users\Anjali\.m2\repository\org\springframework\spring-jcl\5.3.10\spring-jcl-5.3.10.jar
Launcher Type: SUN_STANDARD

[Global flags]
     intx CICompilerCount                          = 3                                         {product} {ergonomic}
     uint ConcGCThreads                            = 1                                         {product} {ergonomic}
     uint G1ConcRefinementThreads                  = 4                                         {product} {ergonomic}
   size_t G1HeapRegionSize                         = 1048576                                   {product} {ergonomic}
    uintx GCDrainStackTargetSize                   = 64                                        {product} {ergonomic}
   size_t InitialHeapSize                          = 67108864                                  {product} {ergonomic}
   size_t MarkStackSize                            = 4194304                                   {product} {ergonomic}
   size_t MaxHeapSize                              = 1046478848                                {product} {ergonomic}
   size_t MaxNewSize                               = 627048448                                 {product} {ergonomic}
   size_t MinHeapDeltaBytes                        = 1048576                                   {product} {ergonomic}
   size_t MinHeapSize                              = 8388608                                   {product} {ergonomic}
    uintx NonNMethodCodeHeapSize                   = 5832780                                {pd product} {ergonomic}
    uintx NonProfiledCodeHeapSize                  = 122912730                              {pd product} {ergonomic}
    uintx ProfiledCodeHeapSize                     = 122912730                              {pd product} {ergonomic}
    uintx ReservedCodeCacheSize                    = 251658240                              {pd product} {ergonomic}
     bool SegmentedCodeCache                       = true                                      {product} {ergonomic}
     bool ShowCodeDetailsInExceptionMessages       = true                                   {manageable} {command line}
   size_t SoftMaxHeapSize                          = 1046478848                             {manageable} {ergonomic}
     bool UseCompressedClassPointers               = true                           {product lp64_product} {ergonomic}
     bool UseCompressedOops                        = true                           {product lp64_product} {ergonomic}
     bool UseG1GC                                  = true                                      {product} {ergonomic}
     bool UseLargePagesIndividualAllocation        = false                                  {pd product} {ergonomic}

Logging:
Log output configuration:
 #0: stdout all=warning uptime,level,tags foldmultilines=false
 #1: stderr all=off uptime,level,tags foldmultilines=false

Environment Variables:
PATH=C:\Users\Anjali\.p2\pool\plugins\org.eclipse.justj.openjdk.hotspot.jre.full.win32.x86_64_18.0.1.v20220515-1614\jre\bin;C:/Users/Anjali/.p2/pool/plugins/org.eclipse.justj.openjdk.hotspot.jre.full.win32.x86_64_18.0.1.v20220515-1614/jre/bin/server;C:/Users/Anjali/.p2/pool/plugins/org.eclipse.justj.openjdk.hotspot.jre.full.win32.x86_64_18.0.1.v20220515-1614/jre/bin;C:\Program Files (x86)\Intel\iCLS Client\;C:\Program Files\Intel\iCLS Client\;C:\WINDOWS\system32;C:\WINDOWS;C:\WINDOWS\System32\Wbem;C:\WINDOWS\System32\WindowsPowerShell\v1.0\;C:\Program Files (x86)\Intel\Intel(R) Management Engine Components\DAL;C:\Program Files\Intel\Intel(R) Management Engine Components\DAL;C:\Program Files (x86)\Intel\Intel(R) Management Engine Components\IPT;C:\Program Files\Intel\Intel(R) Management Engine Components\IPT;C:\Users\Shubb\AppData\Local\Microsoft\WindowsApps;C:\adb;C:\WINDOWS\system32;C:\WINDOWS;C:\WINDOWS\System32\Wbem;C:\WINDOWS\System32\WindowsPowerShell\v1.0\;C:\Program Files\PuTTY\;C:\xampp3\php;C:\ProgramData\ComposerSetup\bin;C:\xampp\php;C:\Program Files\Git\cmd;C:\Program Files\nodejs\;C:\Program Files\MySQL\MySQL Shell 8.0\bin\;C:\Users\Anjali\AppData\Local\Microsoft\WindowsApps;C:\Users\Anjali\AppData\Roaming\npm;C:\Users\Anjali\AppData\Local\Programs\Microsoft VS Code\bin;C:\Users\Anjali\Desktop;
USERNAME=Anjali
OS=Windows_NT
PROCESSOR_IDENTIFIER=Intel64 Family 6 Model 78 Stepping 3, GenuineIntel



---------------  S Y S T E M  ---------------

OS:
 Windows 10 , 64 bit Build 19041 (10.0.19041.1706)
OS uptime: 0 days 1:23 hours

CPU: total 4 (initial active 4) (2 cores per cpu, 2 threads per core) family 6 model 78 stepping 3 microcode 0xcc, cx8, cmov, fxsr, ht, mmx, 3dnowpref, sse, sse2, sse3, ssse3, sse4.1, sse4.2, popcnt, lzcnt, tsc, tscinvbit, avx, avx2, aes, erms, clmul, bmi1, bmi2, adx, fma, vzeroupper, clflush, clflushopt

Memory: 4k page, system-wide physical 3987M (153M free)
TotalPageFile size 6035M (AvailPageFile size 7M)
current process WorkingSet (physical memory assigned to process): 188M, peak: 193M
current process commit charge ("private bytes"): 216M, peak: 219M

vm_info: OpenJDK 64-Bit Server VM (18.0.1+10) for windows-amd64 JRE (18.0.1+10), built on Apr 20 2022 05:04:48 by "" with MS VC++ 16.7 (VS2019)

END.
