#
# There is insufficient memory for the Java Runtime Environment to continue.
# Native memory allocation (malloc) failed to allocate 701936 bytes for Chunk::new
# Possible reasons:
#   The system is out of physical RAM or swap space
#   The process is running with CompressedOops enabled, and the Java Heap may be blocking the growth of the native heap
# Possible solutions:
#   Reduce memory load on the system
#   Increase physical memory or swap space
#   Check if swap backing store is full
#   Decrease Java heap size (-Xmx/-Xms)
#   Decrease number of Java threads
#   Decrease Java thread stack sizes (-Xss)
#   Set larger code cache with -XX:ReservedCodeCacheSize=
#   JVM is running with Unscaled Compressed Oops mode in which the Java heap is
#     placed in the first 4GB address space. The Java Heap base address is the
#     maximum limit for the native heap growth. Please use -XX:HeapBaseMinAddress
#     to set the Java Heap base and to place the Java Heap above 4GB virtual address.
# This output file may be truncated or incomplete.
#
#  Out of Memory Error (arena.cpp:184), pid=9448, tid=4584
#
# JRE version: OpenJDK Runtime Environment Temurin-18.0.1+10 (18.0.1+10) (build 18.0.1+10)
# Java VM: OpenJDK 64-Bit Server VM Temurin-18.0.1+10 (18.0.1+10, mixed mode, tiered, compressed oops, compressed class ptrs, g1 gc, windows-amd64)
# No core dump will be written. Minidumps are not enabled by default on client versions of Windows
#

---------------  S U M M A R Y ------------

Command Line: -Dfile.encoding=UTF-8 -XX:+ShowCodeDetailsInExceptionMessages com.example.demo.ExampleDemoApplication

Host: Intel(R) Core(TM) i3-6006U CPU @ 2.00GHz, 4 cores, 3G,  Windows 10 , 64 bit Build 19041 (10.0.19041.1706)
Time: Thu Jun  2 22:23:51 2022 India Standard Time elapsed time: 6.969213 seconds (0d 0h 0m 6s)

---------------  T H R E A D  ---------------

Current thread (0x0000022af9140410):  JavaThread "C2 CompilerThread0" daemon [_thread_in_native, id=4584, stack(0x00000044b0900000,0x00000044b0a00000)]


Current CompileTask:
C2:   6969 3730   !   4       jdk.internal.loader.BuiltinClassLoader::findClassOnClassPathOrNull (64 bytes)

Stack: [0x00000044b0900000,0x00000044b0a00000]
Native frames: (J=compiled Java code, j=interpreted, Vv=VM code, C=native code)
V  [jvm.dll+0x69cd4a]
V  [jvm.dll+0x84b63d]
V  [jvm.dll+0x84cf4e]
V  [jvm.dll+0x84d603]
V  [jvm.dll+0x25f19f]
V  [jvm.dll+0xba54f]
V  [jvm.dll+0xba8c5]
V  [jvm.dll+0x2ca37f]
V  [jvm.dll+0x5a32f0]
V  [jvm.dll+0x23a4be]
V  [jvm.dll+0x233b92]
V  [jvm.dll+0x23140b]
V  [jvm.dll+0x1bbd3c]
V  [jvm.dll+0x240faa]
V  [jvm.dll+0x23f275]
V  [jvm.dll+0x7fdcfb]
V  [jvm.dll+0x7f814a]
V  [jvm.dll+0x69bba5]
C  [ucrtbase.dll+0x21bb2]
C  [KERNEL32.DLL+0x17034]
C  [ntdll.dll+0x52651]


---------------  P R O C E S S  ---------------

Threads class SMR info:
_java_thread_list=0x0000022afd59afd0, length=18, elements={
0x0000022ae2049d10, 0x0000022af90fb150, 0x0000022af90fc2b0, 0x0000022af9134bd0,
0x0000022af9135480, 0x0000022af9135e70, 0x0000022af913f740, 0x0000022af9140410,
0x0000022af9144430, 0x0000022af915a890, 0x0000022afd5365f0, 0x0000022afd54e010,
0x0000022afdb7e660, 0x0000022afdb7eb20, 0x0000022afe8d0060, 0x0000022afe8d0530,
0x0000022afe8cd510, 0x0000022afe8cdeb0
}

Java Threads: ( => current thread )
  0x0000022ae2049d10 JavaThread "main" [_thread_blocked, id=2908, stack(0x00000044afc00000,0x00000044afd00000)]
  0x0000022af90fb150 JavaThread "Reference Handler" daemon [_thread_blocked, id=10304, stack(0x00000044b0300000,0x00000044b0400000)]
  0x0000022af90fc2b0 JavaThread "Finalizer" daemon [_thread_blocked, id=10144, stack(0x00000044b0400000,0x00000044b0500000)]
  0x0000022af9134bd0 JavaThread "Signal Dispatcher" daemon [_thread_blocked, id=8124, stack(0x00000044b0500000,0x00000044b0600000)]
  0x0000022af9135480 JavaThread "Attach Listener" daemon [_thread_blocked, id=3676, stack(0x00000044b0600000,0x00000044b0700000)]
  0x0000022af9135e70 JavaThread "Service Thread" daemon [_thread_blocked, id=15992, stack(0x00000044b0700000,0x00000044b0800000)]
  0x0000022af913f740 JavaThread "Monitor Deflation Thread" daemon [_thread_blocked, id=856, stack(0x00000044b0800000,0x00000044b0900000)]
=>0x0000022af9140410 JavaThread "C2 CompilerThread0" daemon [_thread_in_native, id=4584, stack(0x00000044b0900000,0x00000044b0a00000)]
  0x0000022af9144430 JavaThread "C1 CompilerThread0" daemon [_thread_blocked, id=13072, stack(0x00000044b0a00000,0x00000044b0b00000)]
  0x0000022af915a890 JavaThread "Sweeper thread" daemon [_thread_blocked, id=6588, stack(0x00000044b0b00000,0x00000044b0c00000)]
  0x0000022afd5365f0 JavaThread "Notification Thread" daemon [_thread_blocked, id=15796, stack(0x00000044b0c00000,0x00000044b0d00000)]
  0x0000022afd54e010 JavaThread "Common-Cleaner" daemon [_thread_blocked, id=15612, stack(0x00000044b0e00000,0x00000044b0f00000)]
  0x0000022afdb7e660 JavaThread "Thread-0" [_thread_blocked, id=11488, stack(0x00000044b1400000,0x00000044b1500000)]
  0x0000022afdb7eb20 JavaThread "restartedMain" [_thread_in_vm, id=8728, stack(0x00000044b1500000,0x00000044b1600000)]
  0x0000022afe8d0060 JavaThread "Catalina-utility-1" [_thread_blocked, id=1560, stack(0x00000044b1600000,0x00000044b1700000)]
  0x0000022afe8d0530 JavaThread "Catalina-utility-2" [_thread_blocked, id=13984, stack(0x00000044b1700000,0x00000044b1800000)]
  0x0000022afe8cd510 JavaThread "container-0" [_thread_blocked, id=15436, stack(0x00000044b1800000,0x00000044b1900000)]
  0x0000022afe8cdeb0 JavaThread "mysql-cj-abandoned-connection-cleanup" daemon [_thread_blocked, id=5104, stack(0x00000044b1900000,0x00000044b1a00000)]

Other Threads:
  0x0000022ae210e590 VMThread "VM Thread" [stack: 0x00000044b0200000,0x00000044b0300000] [id=984]
  0x0000022afd4f4990 WatcherThread "VM Periodic Task Thread" [stack: 0x00000044b0d00000,0x00000044b0e00000] [id=14880]
  0x0000022ae208a4f0 WorkerThread "GC Thread#0" [stack: 0x00000044afd00000,0x00000044afe00000] [id=15644]
  0x0000022afd920a80 WorkerThread "GC Thread#1" [stack: 0x00000044b1000000,0x00000044b1100000] [id=6912]
  0x0000022afe05f040 WorkerThread "GC Thread#2" [stack: 0x00000044b1100000,0x00000044b1200000] [id=9924]
  0x0000022afdc3f570 WorkerThread "GC Thread#3" [stack: 0x00000044b1200000,0x00000044b1300000] [id=13544]
  0x0000022ae2093880 ConcurrentGCThread "G1 Main Marker" [stack: 0x00000044afe00000,0x00000044aff00000] [id=14204]
  0x0000022ae2094270 WorkerThread "G1 Conc#0" [stack: 0x00000044aff00000,0x00000044b0000000] [id=12836]
  0x0000022ae20c16c0 ConcurrentGCThread "G1 Refine#0" [stack: 0x00000044b0000000,0x00000044b0100000] [id=6940]
  0x0000022afe126eb0 ConcurrentGCThread "G1 Refine#1" [stack: 0x00000044b1300000,0x00000044b1400000] [id=3440]
  0x0000022ae20c1fd0 ConcurrentGCThread "G1 Service" [stack: 0x00000044b0100000,0x00000044b0200000] [id=2884]

Threads with active compile tasks:
C2 CompilerThread0     7033 3730   !   4       jdk.internal.loader.BuiltinClassLoader::findClassOnClassPathOrNull (64 bytes)

VM state: not at safepoint (normal execution)

VM Mutex/Monitor currently owned by a thread: None

Heap address: 0x00000000c1a00000, size: 998 MB, Compressed Oops mode: 32-bit

CDS archive(s) not mapped
Compressed class space mapped at: 0x0000000100000000-0x0000000140000000, reserved size: 1073741824
Narrow klass base: 0x0000000000000000, Narrow klass shift: 3, Narrow klass range: 0x140000000

GC Precious Log:
 CardTable entry size: 512
 Card Set container configuration: InlinePtr #cards 5 size 8 Array Of Cards #cards 12 size 40 Howl #buckets 4 coarsen threshold 1843 Howl Bitmap #cards 512 size 80 coarsen threshold 460 Card regions per heap region 1 cards per card region 2048
 CPUs: 4 total, 4 available
 Memory: 3987M
 Large Page Support: Disabled
 NUMA Support: Disabled
 Compressed Oops: Enabled (32-bit)
 Heap Region Size: 1M
 Heap Min Capacity: 8M
 Heap Initial Capacity: 64M
 Heap Max Capacity: 998M
 Pre-touch: Disabled
 Parallel Workers: 4
 Concurrent Workers: 1
 Concurrent Refinement Workers: 4
 Periodic GC: Disabled

Heap:
 garbage-first heap   total 46080K, used 28984K [0x00000000c1a00000, 0x0000000100000000)
  region size 1024K, 16 young (16384K), 2 survivors (2048K)
 Metaspace       used 42661K, committed 42944K, reserved 1114112K
  class space    used 5237K, committed 5376K, reserved 1048576K

Heap Regions: E=young(eden), S=young(survivor), O=old, HS=humongous(starts), HC=humongous(continues), CS=collection set, F=free, OA=open archive, CA=closed archive, TAMS=top-at-mark-start (previous, next)
|   0|0x00000000c1a00000, 0x00000000c1b00000, 0x00000000c1b00000|100%|HS|  |TAMS 0x00000000c1b00000, 0x00000000c1a00000| Complete 
|   1|0x00000000c1b00000, 0x00000000c1c00000, 0x00000000c1c00000|100%| O|  |TAMS 0x00000000c1c00000, 0x00000000c1b00000| Untracked 
|   2|0x00000000c1c00000, 0x00000000c1d00000, 0x00000000c1d00000|100%| O|  |TAMS 0x00000000c1d00000, 0x00000000c1c00000| Untracked 
|   3|0x00000000c1d00000, 0x00000000c1e00000, 0x00000000c1e00000|100%| O|  |TAMS 0x00000000c1e00000, 0x00000000c1d00000| Untracked 
|   4|0x00000000c1e00000, 0x00000000c1f00000, 0x00000000c1f00000|100%| O|  |TAMS 0x00000000c1f00000, 0x00000000c1e00000| Untracked 
|   5|0x00000000c1f00000, 0x00000000c2000000, 0x00000000c2000000|100%| O|  |TAMS 0x00000000c2000000, 0x00000000c1f00000| Untracked 
|   6|0x00000000c2000000, 0x00000000c2100000, 0x00000000c2100000|100%| O|  |TAMS 0x00000000c2000000, 0x00000000c2000000| Untracked 
|   7|0x00000000c2100000, 0x00000000c2200000, 0x00000000c2200000|100%| O|  |TAMS 0x00000000c2200000, 0x00000000c2100000| Untracked 
|   8|0x00000000c2200000, 0x00000000c2300000, 0x00000000c2300000|100%| O|  |TAMS 0x00000000c2300000, 0x00000000c2200000| Untracked 
|   9|0x00000000c2300000, 0x00000000c2400000, 0x00000000c2400000|100%| O|  |TAMS 0x00000000c2400000, 0x00000000c2300000| Untracked 
|  10|0x00000000c2400000, 0x00000000c2500000, 0x00000000c2500000|100%| O|  |TAMS 0x00000000c2500000, 0x00000000c2400000| Untracked 
|  11|0x00000000c2500000, 0x00000000c2600000, 0x00000000c2600000|100%| O|  |TAMS 0x00000000c2513e00, 0x00000000c2500000| Untracked 
|  12|0x00000000c2600000, 0x00000000c2700000, 0x00000000c2700000|100%| O|  |TAMS 0x00000000c2600000, 0x00000000c2600000| Untracked 
|  13|0x00000000c2700000, 0x00000000c2800000, 0x00000000c2800000|100%| O|  |TAMS 0x00000000c2700000, 0x00000000c2700000| Untracked 
|  14|0x00000000c2800000, 0x00000000c28d2400, 0x00000000c2900000| 82%| O|  |TAMS 0x00000000c2800000, 0x00000000c2800000| Untracked 
|  15|0x00000000c2900000, 0x00000000c2900000, 0x00000000c2a00000|  0%| F|  |TAMS 0x00000000c2900000, 0x00000000c2900000| Untracked 
|  16|0x00000000c2a00000, 0x00000000c2a00000, 0x00000000c2b00000|  0%| F|  |TAMS 0x00000000c2a00000, 0x00000000c2a00000| Untracked 
|  17|0x00000000c2b00000, 0x00000000c2b00000, 0x00000000c2c00000|  0%| F|  |TAMS 0x00000000c2b00000, 0x00000000c2b00000| Untracked 
|  18|0x00000000c2c00000, 0x00000000c2c00000, 0x00000000c2d00000|  0%| F|  |TAMS 0x00000000c2c00000, 0x00000000c2c00000| Untracked 
|  19|0x00000000c2d00000, 0x00000000c2d00000, 0x00000000c2e00000|  0%| F|  |TAMS 0x00000000c2d00000, 0x00000000c2d00000| Untracked 
|  20|0x00000000c2e00000, 0x00000000c2e00000, 0x00000000c2f00000|  0%| F|  |TAMS 0x00000000c2e00000, 0x00000000c2e00000| Untracked 
|  21|0x00000000c2f00000, 0x00000000c2f00000, 0x00000000c3000000|  0%| F|  |TAMS 0x00000000c2f00000, 0x00000000c2f00000| Untracked 
|  22|0x00000000c3000000, 0x00000000c3000000, 0x00000000c3100000|  0%| F|  |TAMS 0x00000000c3000000, 0x00000000c3000000| Untracked 
|  23|0x00000000c3100000, 0x00000000c317bef8, 0x00000000c3200000| 48%| S|CS|TAMS 0x00000000c3100000, 0x00000000c3100000| Complete 
|  24|0x00000000c3200000, 0x00000000c3300000, 0x00000000c3300000|100%| S|CS|TAMS 0x00000000c3200000, 0x00000000c3200000| Complete 
|  25|0x00000000c3300000, 0x00000000c3300000, 0x00000000c3400000|  0%| F|  |TAMS 0x00000000c3300000, 0x00000000c3300000| Untracked 
|  26|0x00000000c3400000, 0x00000000c3400000, 0x00000000c3500000|  0%| F|  |TAMS 0x00000000c3400000, 0x00000000c3400000| Untracked 
|  27|0x00000000c3500000, 0x00000000c3500000, 0x00000000c3600000|  0%| F|  |TAMS 0x00000000c3500000, 0x00000000c3500000| Untracked 
|  28|0x00000000c3600000, 0x00000000c3600000, 0x00000000c3700000|  0%| F|  |TAMS 0x00000000c3600000, 0x00000000c3600000| Untracked 
|  29|0x00000000c3700000, 0x00000000c3700000, 0x00000000c3800000|  0%| F|  |TAMS 0x00000000c3700000, 0x00000000c3700000| Untracked 
|  30|0x00000000c3800000, 0x00000000c3800000, 0x00000000c3900000|  0%| F|  |TAMS 0x00000000c3800000, 0x00000000c3800000| Untracked 
|  31|0x00000000c3900000, 0x00000000c39f9010, 0x00000000c3a00000| 97%| E|  |TAMS 0x00000000c3900000, 0x00000000c3900000| Complete 
|  32|0x00000000c3a00000, 0x00000000c3b00000, 0x00000000c3b00000|100%| E|CS|TAMS 0x00000000c3a00000, 0x00000000c3a00000| Complete 
|  33|0x00000000c3b00000, 0x00000000c3c00000, 0x00000000c3c00000|100%| E|CS|TAMS 0x00000000c3b00000, 0x00000000c3b00000| Complete 
|  34|0x00000000c3c00000, 0x00000000c3d00000, 0x00000000c3d00000|100%| E|CS|TAMS 0x00000000c3c00000, 0x00000000c3c00000| Complete 
|  35|0x00000000c3d00000, 0x00000000c3e00000, 0x00000000c3e00000|100%| E|CS|TAMS 0x00000000c3d00000, 0x00000000c3d00000| Complete 
|  36|0x00000000c3e00000, 0x00000000c3f00000, 0x00000000c3f00000|100%| E|CS|TAMS 0x00000000c3e00000, 0x00000000c3e00000| Complete 
|  37|0x00000000c3f00000, 0x00000000c4000000, 0x00000000c4000000|100%| E|CS|TAMS 0x00000000c3f00000, 0x00000000c3f00000| Complete 
|  38|0x00000000c4000000, 0x00000000c4100000, 0x00000000c4100000|100%| E|CS|TAMS 0x00000000c4000000, 0x00000000c4000000| Complete 
|  39|0x00000000c4100000, 0x00000000c4200000, 0x00000000c4200000|100%| E|CS|TAMS 0x00000000c4100000, 0x00000000c4100000| Complete 
|  40|0x00000000c4200000, 0x00000000c4300000, 0x00000000c4300000|100%| E|CS|TAMS 0x00000000c4200000, 0x00000000c4200000| Complete 
|  55|0x00000000c5100000, 0x00000000c5200000, 0x00000000c5200000|100%| E|CS|TAMS 0x00000000c5100000, 0x00000000c5100000| Complete 
|  56|0x00000000c5200000, 0x00000000c5300000, 0x00000000c5300000|100%| E|CS|TAMS 0x00000000c5200000, 0x00000000c5200000| Complete 
|  57|0x00000000c5300000, 0x00000000c5400000, 0x00000000c5400000|100%| E|  |TAMS 0x00000000c5300000, 0x00000000c5300000| Complete 
|  63|0x00000000c5900000, 0x00000000c5a00000, 0x00000000c5a00000|100%| E|CS|TAMS 0x00000000c5900000, 0x00000000c5900000| Complete 

Card table byte_map: [0x0000022af4920000,0x0000022af4b20000] _byte_map_base: 0x0000022af4313000

Marking Bits (Prev, Next): (CMBitMap*) 0x0000022ae208aaf0, (CMBitMap*) 0x0000022ae208ab30
 Prev Bits: [0x0000022af4d20000, 0x0000022af5cb8000)
 Next Bits: [0x0000022af5cc0000, 0x0000022af6c58000)

Polling page: 0x0000022ae01e0000

Metaspace:

Usage:
  Non-class:     36.57 MB used.
      Class:      5.12 MB used.
       Both:     41.68 MB used.

Virtual space:
  Non-class space:       64.00 MB reserved,      36.69 MB ( 57%) committed,  1 nodes.
      Class space:        1.00 GB reserved,       5.25 MB ( <1%) committed,  1 nodes.
             Both:        1.06 GB reserved,      41.94 MB (  4%) committed. 

Chunk freelists:
   Non-Class:  2.48 MB
       Class:  2.70 MB
        Both:  5.19 MB

MaxMetaspaceSize: unlimited
CompressedClassSpaceSize: 1.00 GB
Initial GC threshold: 21.00 MB
Current GC threshold: 59.00 MB
CDS: off
MetaspaceReclaimPolicy: balanced
 - commit_granule_bytes: 65536.
 - commit_granule_words: 8192.
 - virtual_space_node_default_size: 8388608.
 - enlarge_chunks_in_place: 1.
 - new_chunks_are_fully_committed: 0.
 - uncommit_free_chunks: 1.
 - use_allocation_guard: 0.


Internal statistics:

num_allocs_failed_limit: 8.
num_arena_births: 366.
num_arena_deaths: 0.
num_vsnodes_births: 2.
num_vsnodes_deaths: 0.
num_space_committed: 671.
num_space_uncommitted: 0.
num_chunks_returned_to_freelist: 8.
num_chunks_taken_from_freelist: 1558.
num_chunk_merges: 8.
num_chunk_splits: 1105.
num_chunks_enlarged: 890.
num_inconsistent_stats: 0.

CodeHeap 'non-profiled nmethods': size=120000Kb used=1509Kb max_used=1509Kb free=118490Kb
 bounds [0x0000022aed1f0000, 0x0000022aed460000, 0x0000022af4720000]
CodeHeap 'profiled nmethods': size=120000Kb used=7997Kb max_used=7997Kb free=112002Kb
 bounds [0x0000022ae5cc0000, 0x0000022ae6490000, 0x0000022aed1f0000]
CodeHeap 'non-nmethods': size=5760Kb used=1211Kb max_used=1269Kb free=4548Kb
 bounds [0x0000022ae5720000, 0x0000022ae5990000, 0x0000022ae5cc0000]
 total_blobs=4213 nmethods=3718 adapters=406
 compilation: enabled
              stopped_count=0, restarted_count=0
 full_count=0

Compilation events (20 events):
Event: 6.827 Thread 0x0000022af9140410 nmethod 3716 0x0000022aed363e10 code [0x0000022aed363fa0, 0x0000022aed364188]
Event: 6.827 Thread 0x0000022af9140410 3714   !   4       jdk.internal.ref.PhantomCleanable::remove (60 bytes)
Event: 6.834 Thread 0x0000022af9140410 nmethod 3714 0x0000022aed364310 code [0x0000022aed3644a0, 0x0000022aed3649f8]
Event: 6.834 Thread 0x0000022af9140410 3710       4       java.util.Collections$SetFromMap::add (22 bytes)
Event: 6.857 Thread 0x0000022af9144430 3725       3       java.util.concurrent.ConcurrentHashMap::<init> (9 bytes)
Event: 6.858 Thread 0x0000022af9144430 nmethod 3725 0x0000022ae6484810 code [0x0000022ae64849e0, 0x0000022ae6484b28]
Event: 6.868 Thread 0x0000022af9144430 3727       1       java.util.Formatter$Flags::valueOf (5 bytes)
Event: 6.868 Thread 0x0000022af9144430 nmethod 3727 0x0000022aed364b10 code [0x0000022aed364ca0, 0x0000022aed364d78]
Event: 6.870 Thread 0x0000022af9140410 nmethod 3710 0x0000022aed364e10 code [0x0000022aed365000, 0x0000022aed366470]
Event: 6.871 Thread 0x0000022af9140410 3726       4       java.util.ArrayDeque::add (7 bytes)
Event: 6.874 Thread 0x0000022af9140410 nmethod 3726 0x0000022aed366b10 code [0x0000022aed366ca0, 0x0000022aed366ef8]
Event: 6.879 Thread 0x0000022af9140410 3728       4       java.lang.System$2::newStringUTF8NoRepl (7 bytes)
Event: 6.886 Thread 0x0000022af9140410 nmethod 3728 0x0000022aed367090 code [0x0000022aed367220, 0x0000022aed367838]
Event: 6.886 Thread 0x0000022af9140410 3729       4       java.lang.String::newStringUTF8NoRepl (276 bytes)
Event: 6.889 Thread 0x0000022af9144430 3732       3       java.lang.invoke.VarHandleGuards::guard_LII_V (137 bytes)
Event: 6.892 Thread 0x0000022af9140410 nmethod 3729 0x0000022aed368290 code [0x0000022aed368420, 0x0000022aed3689f8]
Event: 6.892 Thread 0x0000022af9140410 3730   !   4       jdk.internal.loader.BuiltinClassLoader::findClassOnClassPathOrNull (64 bytes)
Event: 6.893 Thread 0x0000022af9144430 nmethod 3732 0x0000022ae6484c10 code [0x0000022ae6485060, 0x0000022ae64879f8]
Event: 6.893 Thread 0x0000022af9144430 3733       3       java.lang.invoke.VarHandleByteArrayAsInts$ArrayHandle::set (39 bytes)
Event: 6.893 Thread 0x0000022af9144430 nmethod 3733 0x0000022ae6488610 code [0x0000022ae64887e0, 0x0000022ae6488c08]

GC Heap History (20 events):
Event: 0.916 GC heap before
{Heap before GC invocations=0 (full 0):
 garbage-first heap   total 65536K, used 13312K [0x00000000c1a00000, 0x0000000100000000)
  region size 1024K, 13 young (13312K), 0 survivors (0K)
 Metaspace       used 10785K, committed 11008K, reserved 1114112K
  class space    used 984K, committed 1088K, reserved 1048576K
}
Event: 0.927 GC heap after
{Heap after GC invocations=1 (full 0):
 garbage-first heap   total 65536K, used 6068K [0x00000000c1a00000, 0x0000000100000000)
  region size 1024K, 2 young (2048K), 2 survivors (2048K)
 Metaspace       used 10785K, committed 11008K, reserved 1114112K
  class space    used 984K, committed 1088K, reserved 1048576K
}
Event: 1.526 GC heap before
{Heap before GC invocations=1 (full 0):
 garbage-first heap   total 65536K, used 15284K [0x00000000c1a00000, 0x0000000100000000)
  region size 1024K, 12 young (12288K), 2 survivors (2048K)
 Metaspace       used 14576K, committed 14784K, reserved 1114112K
  class space    used 1419K, committed 1536K, reserved 1048576K
}
Event: 1.534 GC heap after
{Heap after GC invocations=2 (full 0):
 garbage-first heap   total 65536K, used 7159K [0x00000000c1a00000, 0x0000000100000000)
  region size 1024K, 1 young (1024K), 1 survivors (1024K)
 Metaspace       used 14576K, committed 14784K, reserved 1114112K
  class space    used 1419K, committed 1536K, reserved 1048576K
}
Event: 2.297 GC heap before
{Heap before GC invocations=2 (full 0):
 garbage-first heap   total 65536K, used 27639K [0x00000000c1a00000, 0x0000000100000000)
  region size 1024K, 21 young (21504K), 1 survivors (1024K)
 Metaspace       used 19966K, committed 20224K, reserved 1114112K
  class space    used 2153K, committed 2240K, reserved 1048576K
}
Event: 2.302 GC heap after
{Heap after GC invocations=3 (full 0):
 garbage-first heap   total 65536K, used 8526K [0x00000000c1a00000, 0x0000000100000000)
  region size 1024K, 3 young (3072K), 3 survivors (3072K)
 Metaspace       used 19966K, committed 20224K, reserved 1114112K
  class space    used 2153K, committed 2240K, reserved 1048576K
}
Event: 2.443 GC heap before
{Heap before GC invocations=3 (full 0):
 garbage-first heap   total 65536K, used 13646K [0x00000000c1a00000, 0x0000000100000000)
  region size 1024K, 9 young (9216K), 3 survivors (3072K)
 Metaspace       used 21329K, committed 21504K, reserved 1114112K
  class space    used 2402K, committed 2496K, reserved 1048576K
}
Event: 2.448 GC heap after
{Heap after GC invocations=4 (full 0):
 garbage-first heap   total 65536K, used 9104K [0x00000000c1a00000, 0x0000000100000000)
  region size 1024K, 3 young (3072K), 3 survivors (3072K)
 Metaspace       used 21329K, committed 21504K, reserved 1114112K
  class space    used 2402K, committed 2496K, reserved 1048576K
}
Event: 2.934 GC heap before
{Heap before GC invocations=5 (full 0):
 garbage-first heap   total 37888K, used 27536K [0x00000000c1a00000, 0x0000000100000000)
  region size 1024K, 22 young (22528K), 3 survivors (3072K)
 Metaspace       used 25904K, committed 26112K, reserved 1114112K
  class space    used 2896K, committed 3008K, reserved 1048576K
}
Event: 2.943 GC heap after
{Heap after GC invocations=6 (full 0):
 garbage-first heap   total 37888K, used 10429K [0x00000000c1a00000, 0x0000000100000000)
  region size 1024K, 2 young (2048K), 2 survivors (2048K)
 Metaspace       used 25904K, committed 26112K, reserved 1114112K
  class space    used 2896K, committed 3008K, reserved 1048576K
}
Event: 2.966 GC heap before
{Heap before GC invocations=6 (full 0):
 garbage-first heap   total 37888K, used 11453K [0x00000000c1a00000, 0x0000000100000000)
  region size 1024K, 3 young (3072K), 2 survivors (2048K)
 Metaspace       used 26114K, committed 26368K, reserved 1114112K
  class space    used 2927K, committed 3072K, reserved 1048576K
}
Event: 2.970 GC heap after
{Heap after GC invocations=7 (full 0):
 garbage-first heap   total 46080K, used 10719K [0x00000000c1a00000, 0x0000000100000000)
  region size 1024K, 1 young (1024K), 1 survivors (1024K)
 Metaspace       used 26114K, committed 26368K, reserved 1114112K
  class space    used 2927K, committed 3072K, reserved 1048576K
}
Event: 3.791 GC heap before
{Heap before GC invocations=7 (full 0):
 garbage-first heap   total 46080K, used 29151K [0x00000000c1a00000, 0x0000000100000000)
  region size 1024K, 20 young (20480K), 1 survivors (1024K)
 Metaspace       used 28860K, committed 29056K, reserved 1114112K
  class space    used 3276K, committed 3392K, reserved 1048576K
}
Event: 3.795 GC heap after
{Heap after GC invocations=8 (full 0):
 garbage-first heap   total 46080K, used 11616K [0x00000000c1a00000, 0x0000000100000000)
  region size 1024K, 2 young (2048K), 2 survivors (2048K)
 Metaspace       used 28860K, committed 29056K, reserved 1114112K
  class space    used 3276K, committed 3392K, reserved 1048576K
}
Event: 4.852 GC heap before
{Heap before GC invocations=8 (full 0):
 garbage-first heap   total 46080K, used 32096K [0x00000000c1a00000, 0x0000000100000000)
  region size 1024K, 22 young (22528K), 2 survivors (2048K)
 Metaspace       used 32320K, committed 32576K, reserved 1114112K
  class space    used 3751K, committed 3840K, reserved 1048576K
}
Event: 4.859 GC heap after
{Heap after GC invocations=9 (full 0):
 garbage-first heap   total 46080K, used 13391K [0x00000000c1a00000, 0x0000000100000000)
  region size 1024K, 3 young (3072K), 3 survivors (3072K)
 Metaspace       used 32320K, committed 32576K, reserved 1114112K
  class space    used 3751K, committed 3840K, reserved 1048576K
}
Event: 5.733 GC heap before
{Heap before GC invocations=9 (full 0):
 garbage-first heap   total 46080K, used 27727K [0x00000000c1a00000, 0x0000000100000000)
  region size 1024K, 18 young (18432K), 3 survivors (3072K)
 Metaspace       used 35828K, committed 36096K, reserved 1114112K
  class space    used 4238K, committed 4352K, reserved 1048576K
}
Event: 5.743 GC heap after
{Heap after GC invocations=10 (full 0):
 garbage-first heap   total 46080K, used 15250K [0x00000000c1a00000, 0x0000000100000000)
  region size 1024K, 2 young (2048K), 2 survivors (2048K)
 Metaspace       used 35828K, committed 36096K, reserved 1114112K
  class space    used 4238K, committed 4352K, reserved 1048576K
}
Event: 6.283 GC heap before
{Heap before GC invocations=11 (full 0):
 garbage-first heap   total 46080K, used 33682K [0x00000000c1a00000, 0x0000000100000000)
  region size 1024K, 20 young (20480K), 2 survivors (2048K)
 Metaspace       used 38440K, committed 38784K, reserved 1114112K
  class space    used 4527K, committed 4672K, reserved 1048576K
}
Event: 6.289 GC heap after
{Heap after GC invocations=12 (full 0):
 garbage-first heap   total 46080K, used 16696K [0x00000000c1a00000, 0x0000000100000000)
  region size 1024K, 2 young (2048K), 2 survivors (2048K)
 Metaspace       used 38440K, committed 38784K, reserved 1114112K
  class space    used 4527K, committed 4672K, reserved 1048576K
}

Deoptimization events (20 events):
Event: 6.021 Thread 0x0000022afdb7eb20 DEOPT PACKING pc=0x0000022aed2e3e64 sp=0x00000044b15fd1c0
Event: 6.021 Thread 0x0000022afdb7eb20 DEOPT UNPACKING pc=0x0000022ae57723a3 sp=0x00000044b15fd168 mode 2
Event: 6.021 Thread 0x0000022afdb7eb20 Uncommon trap: trap_request=0xffffffde fr.pc=0x0000022aed2e3e64 relative=0x0000000000000244
Event: 6.021 Thread 0x0000022afdb7eb20 Uncommon trap: reason=class_check action=maybe_recompile pc=0x0000022aed2e3e64 method=java.util.Collections$SetFromMap.contains(Ljava/lang/Object;)Z @ 5 c2
Event: 6.021 Thread 0x0000022afdb7eb20 DEOPT PACKING pc=0x0000022aed2e3e64 sp=0x00000044b15fd370
Event: 6.021 Thread 0x0000022afdb7eb20 DEOPT UNPACKING pc=0x0000022ae57723a3 sp=0x00000044b15fd318 mode 2
Event: 6.038 Thread 0x0000022afdb7eb20 DEOPT PACKING pc=0x0000022ae641104e sp=0x00000044b15fcc10
Event: 6.038 Thread 0x0000022afdb7eb20 DEOPT UNPACKING pc=0x0000022ae5772b43 sp=0x00000044b15fc0d8 mode 0
Event: 6.169 Thread 0x0000022afe8d0060 DEOPT PACKING pc=0x0000022ae603a9a9 sp=0x00000044b16fecf0
Event: 6.169 Thread 0x0000022afe8d0060 DEOPT UNPACKING pc=0x0000022ae5772b43 sp=0x00000044b16fe148 mode 3
Event: 6.169 Thread 0x0000022afe8d0530 DEOPT PACKING pc=0x0000022ae6039962 sp=0x00000044b17fef90
Event: 6.169 Thread 0x0000022afe8d0530 DEOPT UNPACKING pc=0x0000022ae5772b43 sp=0x00000044b17fe428 mode 3
Event: 6.215 Thread 0x0000022afe8cdeb0 Uncommon trap: trap_request=0xffffff45 fr.pc=0x0000022aed293c64 relative=0x0000000000003c24
Event: 6.215 Thread 0x0000022afe8cdeb0 Uncommon trap: reason=unstable_if action=reinterpret pc=0x0000022aed293c64 method=java.net.URL.<init>(Ljava/net/URL;Ljava/lang/String;Ljava/net/URLStreamHandler;)V @ 57 c2
Event: 6.215 Thread 0x0000022afe8cdeb0 DEOPT PACKING pc=0x0000022aed293c64 sp=0x00000044b19fedb0
Event: 6.215 Thread 0x0000022afe8cdeb0 DEOPT UNPACKING pc=0x0000022ae57723a3 sp=0x00000044b19fed50 mode 2
Event: 6.269 Thread 0x0000022afdb7eb20 Uncommon trap: trap_request=0xffffff45 fr.pc=0x0000022aed2f82e8 relative=0x0000000000000248
Event: 6.269 Thread 0x0000022afdb7eb20 Uncommon trap: reason=unstable_if action=reinterpret pc=0x0000022aed2f82e8 method=jdk.internal.org.objectweb.asm.Frame.push(I)V @ 26 c2
Event: 6.269 Thread 0x0000022afdb7eb20 DEOPT PACKING pc=0x0000022aed2f82e8 sp=0x00000044b15fcdc0
Event: 6.269 Thread 0x0000022afdb7eb20 DEOPT UNPACKING pc=0x0000022ae57723a3 sp=0x00000044b15fcd68 mode 2

Classes loaded (20 events):
Event: 6.173 Loading class java/util/concurrent/ForkJoinPool$WorkQueue
Event: 6.174 Loading class java/util/concurrent/ForkJoinPool$WorkQueue done
Event: 6.174 Loading class java/util/concurrent/ForkJoinWorkerThread
Event: 6.174 Loading class java/util/concurrent/ForkJoinWorkerThread done
Event: 6.214 Loading class java/util/concurrent/Executors$FinalizableDelegatedExecutorService
Event: 6.214 Loading class java/util/concurrent/Executors$DelegatedExecutorService
Event: 6.214 Loading class java/util/concurrent/Executors$DelegatedExecutorService done
Event: 6.214 Loading class java/util/concurrent/Executors$FinalizableDelegatedExecutorService done
Event: 6.304 Loading class javax/naming/Referenceable
Event: 6.304 Loading class javax/naming/Referenceable done
Event: 6.336 Loading class java/lang/instrument/ClassFileTransformer
Event: 6.336 Loading class java/lang/instrument/ClassFileTransformer done
Event: 6.390 Loading class java/util/IllegalFormatException
Event: 6.390 Loading class java/util/IllegalFormatException done
Event: 6.587 Loading class java/lang/Process
Event: 6.588 Loading class java/lang/Process done
Event: 6.665 Loading class java/lang/reflect/GenericSignatureFormatError
Event: 6.666 Loading class java/lang/reflect/GenericSignatureFormatError done
Event: 6.888 Loading class java/util/UUID$Holder
Event: 6.889 Loading class java/util/UUID$Holder done

Classes unloaded (0 events):
No events

Classes redefined (0 events):
No events

Internal exceptions (20 events):
Event: 5.025 Thread 0x0000022afdb7eb20 Exception <a 'java/lang/ClassNotFoundException'{0x00000000c526bea0}: org/springframework/beans/factory/AwareCustomizer> (0x00000000c526bea0) 
thrown [s\src\hotspot\share\classfile\systemDictionary.cpp, line 255]
Event: 5.139 Thread 0x0000022afdb7eb20 Exception <a 'java/lang/NoSuchMethodError'{0x00000000c51d6710}: 'java.lang.Object java.lang.invoke.DirectMethodHandle$Holder.invokeSpecialIFC(java.lang.Object, java.lang.Object, java.lang.Object)'> (0x00000000c51d6710) 
thrown [s\src\hotspot\share\interpreter\linkResolver.cpp, line 766]
Event: 5.166 Thread 0x0000022afdb7eb20 Exception <a 'java/lang/NoSuchMethodError'{0x00000000c421aa78}: 'java.lang.Object java.lang.invoke.DirectMethodHandle$Holder.invokeVirtual(java.lang.Object, java.lang.Object, java.lang.Object, java.lang.Object, java.lang.Object)'> (0x00000000c421aa78) 
thrown [s\src\hotspot\share\interpreter\linkResolver.cpp, line 766]
Event: 5.380 Thread 0x0000022afdb7eb20 Implicit null exception at 0x0000022aed2eb640 to 0x0000022aed2eb84c
Event: 5.424 Thread 0x0000022afdb7eb20 Exception <a 'java/lang/NoSuchMethodError'{0x00000000c3e048c0}: 'void java.lang.invoke.DirectMethodHandle$Holder.invokeInterface(java.lang.Object, java.lang.Object, int)'> (0x00000000c3e048c0) 
thrown [s\src\hotspot\share\interpreter\linkResolver.cpp, line 766]
Event: 5.435 Thread 0x0000022afdb7eb20 Exception <a 'java/lang/IncompatibleClassChangeError'{0x00000000c3e544b0}: Found class java.lang.Object, but interface was expected> (0x00000000c3e544b0) 
thrown [s\src\hotspot\share\interpreter\linkResolver.cpp, line 833]
Event: 5.436 Thread 0x0000022afdb7eb20 Exception <a 'java/lang/NoSuchMethodError'{0x00000000c3e59590}: 'void java.lang.invoke.DirectMethodHandle$Holder.invokeStatic(java.lang.Object, int, java.lang.Object)'> (0x00000000c3e59590) 
thrown [s\src\hotspot\share\interpreter\linkResolver.cpp, line 766]
Event: 5.441 Thread 0x0000022afdb7eb20 Exception <a 'java/lang/NoSuchMethodError'{0x00000000c3e88a30}: 'int java.lang.invoke.DirectMethodHandle$Holder.invokeSpecial(java.lang.Object, java.lang.Object, int)'> (0x00000000c3e88a30) 
thrown [s\src\hotspot\share\interpreter\linkResolver.cpp, line 766]
Event: 5.591 Thread 0x0000022afdb7eb20 Exception <a 'java/lang/NoSuchMethodError'{0x00000000c3a33120}: 'java.lang.Object java.lang.invoke.DirectMethodHandle$Holder.invokeStaticInit(java.lang.Object, int, int, int, int)'> (0x00000000c3a33120) 
thrown [s\src\hotspot\share\interpreter\linkResolver.cpp, line 766]
Event: 5.667 Thread 0x0000022afdb7eb20 Exception <a 'java/lang/NoSuchMethodError'{0x00000000c3a98608}: 'java.lang.Object java.lang.invoke.DirectMethodHandle$Holder.invokeStaticInit(java.lang.Object, java.lang.Object, int, int, int, int)'> (0x00000000c3a98608) 
thrown [s\src\hotspot\share\interpreter\linkResolver.cpp, line 766]
Event: 5.780 Thread 0x0000022afdb7eb20 Exception <a 'java/lang/NoSuchMethodError'{0x00000000c59df390}: 'int java.lang.invoke.DirectMethodHandle$Holder.invokeVirtual(java.lang.Object, java.lang.Object, java.lang.Object, java.lang.Object)'> (0x00000000c59df390) 
thrown [s\src\hotspot\share\interpreter\linkResolver.cpp, line 766]
Event: 5.780 Thread 0x0000022afdb7eb20 Exception <a 'java/lang/NoSuchMethodError'{0x00000000c59e2ea8}: 'int java.lang.invoke.DelegatingMethodHandle$Holder.reinvoke_L(java.lang.Object, java.lang.Object, java.lang.Object, java.lang.Object)'> (0x00000000c59e2ea8) 
thrown [s\src\hotspot\share\interpreter\linkResolver.cpp, line 766]
Event: 5.893 Thread 0x0000022afdb7eb20 Exception <a 'sun/nio/fs/WindowsException'{0x00000000c4139d48}> (0x00000000c4139d48) 
thrown [s\src\hotspot\share\prims\jni.cpp, line 516]
Event: 5.895 Thread 0x0000022afdb7eb20 Exception <a 'sun/nio/fs/WindowsException'{0x00000000c413fa38}> (0x00000000c413fa38) 
thrown [s\src\hotspot\share\prims\jni.cpp, line 516]
Event: 5.895 Thread 0x0000022afdb7eb20 Exception <a 'sun/nio/fs/WindowsException'{0x00000000c4140118}> (0x00000000c4140118) 
thrown [s\src\hotspot\share\prims\jni.cpp, line 516]
Event: 6.048 Thread 0x0000022afdb7eb20 Exception <a 'java/io/FileNotFoundException'{0x00000000c3decb48}> (0x00000000c3decb48) 
thrown [s\src\hotspot\share\prims\jni.cpp, line 516]
Event: 6.080 Thread 0x0000022afdb7eb20 Exception <a 'java/lang/NoSuchMethodError'{0x00000000c3cf3808}: 'int java.lang.invoke.DirectMethodHandle$Holder.invokeInterface(java.lang.Object, java.lang.Object, java.lang.Object, java.lang.Object)'> (0x00000000c3cf3808) 
thrown [s\src\hotspot\share\interpreter\linkResolver.cpp, line 766]
Event: 6.158 Thread 0x0000022afdb7eb20 Exception <a 'java/io/FileNotFoundException'{0x00000000c3aafe20}> (0x00000000c3aafe20) 
thrown [s\src\hotspot\share\prims\jni.cpp, line 516]
Event: 6.269 Thread 0x0000022afdb7eb20 Exception <a 'java/lang/NoSuchMethodError'{0x00000000c339fd50}: 'java.lang.Object java.lang.invoke.DirectMethodHandle$Holder.newInvokeSpecial(java.lang.Object, java.lang.Object, java.lang.Object, java.lang.Object, java.lang.Object, java.lang.Object, java.lang.Object, java.lang.Object, java.lang.Object, java.lang.Object, java.lang.Object)'> (0x00000000c339fd50) 
thrown [s\src\hotspot\share\interpreter\linkResolver.cpp, line 766]
Event: 6.270 Thread 0x0000022afdb7eb20 Exception <a 'java/lang/NoSuchMethodError'{0x00000000c33a51d0}: 'java.lang.Object java.lang.invoke.DirectMethodHandle$Holder.invokeSpecial(java.lang.Object, java.lang.Object, java.lang.Object, java.lang.Object, java.lang.Object, java.lang.Object, java.lang.Object, java.lang.Object, java.lang.Object, java.lang.Object, java.lang.Object, java.lang.Object)'> (0x00000000c33a51d0) 
thrown [s\src\hotspot\share\interpreter\linkResolver.cpp, line 766]

VM Operations (20 events):
Event: 5.568 Executing VM operation: HandshakeAllThreads
Event: 5.568 Executing VM operation: HandshakeAllThreads done
Event: 5.733 Executing VM operation: CollectForMetadataAllocation
Event: 5.743 Executing VM operation: CollectForMetadataAllocation done
Event: 5.767 Executing VM operation: G1Concurrent
Event: 5.770 Executing VM operation: G1Concurrent done
Event: 5.788 Executing VM operation: G1Concurrent
Event: 5.788 Executing VM operation: G1Concurrent done
Event: 5.953 Executing VM operation: HandshakeAllThreads
Event: 5.953 Executing VM operation: HandshakeAllThreads done
Event: 6.111 Executing VM operation: HandshakeAllThreads
Event: 6.111 Executing VM operation: HandshakeAllThreads done
Event: 6.111 Executing VM operation: HandshakeAllThreads
Event: 6.111 Executing VM operation: HandshakeAllThreads done
Event: 6.162 Executing VM operation: HandshakeAllThreads
Event: 6.162 Executing VM operation: HandshakeAllThreads done
Event: 6.283 Executing VM operation: G1CollectForAllocation
Event: 6.289 Executing VM operation: G1CollectForAllocation done
Event: 6.626 Executing VM operation: HandshakeAllThreads
Event: 6.626 Executing VM operation: HandshakeAllThreads done

Events (20 events):
Event: 0.138 Thread 0x0000022af915a890 Thread added: 0x0000022af915a890
Event: 0.241 Thread 0x0000022afd5365f0 Thread added: 0x0000022afd5365f0
Event: 0.249 Thread 0x0000022afd54e010 Thread added: 0x0000022afd54e010
Event: 0.268 Loaded shared library C:\Users\Anjali\.p2\pool\plugins\org.eclipse.justj.openjdk.hotspot.jre.full.win32.x86_64_18.0.1.v20220515-1614\jre\bin\net.dll
Event: 0.271 Loaded shared library C:\Users\Anjali\.p2\pool\plugins\org.eclipse.justj.openjdk.hotspot.jre.full.win32.x86_64_18.0.1.v20220515-1614\jre\bin\nio.dll
Event: 0.279 Loaded shared library C:\Users\Anjali\.p2\pool\plugins\org.eclipse.justj.openjdk.hotspot.jre.full.win32.x86_64_18.0.1.v20220515-1614\jre\bin\zip.dll
Event: 0.417 Loaded shared library C:\Users\Anjali\.p2\pool\plugins\org.eclipse.justj.openjdk.hotspot.jre.full.win32.x86_64_18.0.1.v20220515-1614\jre\bin\verify.dll
Event: 0.428 Loaded shared library C:\Users\Anjali\.p2\pool\plugins\org.eclipse.justj.openjdk.hotspot.jre.full.win32.x86_64_18.0.1.v20220515-1614\jre\bin\jimage.dll
Event: 0.998 Loaded shared library C:\Users\Anjali\.p2\pool\plugins\org.eclipse.justj.openjdk.hotspot.jre.full.win32.x86_64_18.0.1.v20220515-1614\jre\bin\management.dll
Event: 1.008 Loaded shared library C:\Users\Anjali\.p2\pool\plugins\org.eclipse.justj.openjdk.hotspot.jre.full.win32.x86_64_18.0.1.v20220515-1614\jre\bin\management_ext.dll
Event: 1.101 Thread 0x0000022afdb7e660 Thread added: 0x0000022afdb7e660
Event: 1.106 Thread 0x0000022afdb7eb20 Thread added: 0x0000022afdb7eb20
Event: 1.945 Thread 0x0000022afe3bf590 Thread added: 0x0000022afe3bf590
Event: 2.647 Thread 0x0000022afe588de0 Thread added: 0x0000022afe588de0
Event: 2.814 Thread 0x0000022afe588de0 Thread exited: 0x0000022afe588de0
Event: 3.173 Thread 0x0000022afe3bf590 Thread exited: 0x0000022afe3bf590
Event: 6.167 Thread 0x0000022afe8d0060 Thread added: 0x0000022afe8d0060
Event: 6.168 Thread 0x0000022afe8d0530 Thread added: 0x0000022afe8d0530
Event: 6.175 Thread 0x0000022afe8cd510 Thread added: 0x0000022afe8cd510
Event: 6.214 Thread 0x0000022afe8cdeb0 Thread added: 0x0000022afe8cdeb0


Dynamic libraries:
0x00007ff7bd550000 - 0x00007ff7bd55e000 	C:\Users\Anjali\.p2\pool\plugins\org.eclipse.justj.openjdk.hotspot.jre.full.win32.x86_64_18.0.1.v20220515-1614\jre\bin\javaw.exe
0x00007ffb37f50000 - 0x00007ffb38145000 	C:\WINDOWS\SYSTEM32\ntdll.dll
0x00007ffb37550000 - 0x00007ffb3760d000 	C:\WINDOWS\System32\KERNEL32.DLL
0x00007ffb359b0000 - 0x00007ffb35c7d000 	C:\WINDOWS\System32\KERNELBASE.dll
0x00007ffb35c80000 - 0x00007ffb35d80000 	C:\WINDOWS\System32\ucrtbase.dll
0x00007ffb2d440000 - 0x00007ffb2d457000 	C:\Users\Anjali\.p2\pool\plugins\org.eclipse.justj.openjdk.hotspot.jre.full.win32.x86_64_18.0.1.v20220515-1614\jre\bin\jli.dll
0x00007ffb37260000 - 0x00007ffb37400000 	C:\WINDOWS\System32\USER32.dll
0x00007ffb35f70000 - 0x00007ffb35f92000 	C:\WINDOWS\System32\win32u.dll
0x00007ffb35fa0000 - 0x00007ffb35fca000 	C:\WINDOWS\System32\GDI32.dll
0x00007ffb358a0000 - 0x00007ffb359ab000 	C:\WINDOWS\System32\gdi32full.dll
0x00007ffb35790000 - 0x00007ffb3582d000 	C:\WINDOWS\System32\msvcp_win.dll
0x00007ffb22f30000 - 0x00007ffb22f49000 	C:\Users\Anjali\.p2\pool\plugins\org.eclipse.justj.openjdk.hotspot.jre.full.win32.x86_64_18.0.1.v20220515-1614\jre\bin\VCRUNTIME140.dll
0x00007ffb20d40000 - 0x00007ffb20fda000 	C:\WINDOWS\WinSxS\amd64_microsoft.windows.common-controls_6595b64144ccf1df_6.0.19041.1110_none_60b5254171f9507e\COMCTL32.dll
0x00007ffb37610000 - 0x00007ffb376ae000 	C:\WINDOWS\System32\msvcrt.dll
0x00007ffb37e00000 - 0x00007ffb37e30000 	C:\WINDOWS\System32\IMM32.DLL
0x00007ffb269e0000 - 0x00007ffb269ec000 	C:\Users\Anjali\.p2\pool\plugins\org.eclipse.justj.openjdk.hotspot.jre.full.win32.x86_64_18.0.1.v20220515-1614\jre\bin\vcruntime140_1.dll
0x00007ffb18ba0000 - 0x00007ffb18c31000 	C:\Users\Anjali\.p2\pool\plugins\org.eclipse.justj.openjdk.hotspot.jre.full.win32.x86_64_18.0.1.v20220515-1614\jre\bin\msvcp140.dll
0x00007ffb091d0000 - 0x00007ffb09e59000 	C:\Users\Anjali\.p2\pool\plugins\org.eclipse.justj.openjdk.hotspot.jre.full.win32.x86_64_18.0.1.v20220515-1614\jre\bin\server\jvm.dll
0x00007ffb37400000 - 0x00007ffb374ae000 	C:\WINDOWS\System32\ADVAPI32.dll
0x00007ffb36d30000 - 0x00007ffb36dcc000 	C:\WINDOWS\System32\sechost.dll
0x00007ffb37010000 - 0x00007ffb37135000 	C:\WINDOWS\System32\RPCRT4.dll
0x00007ffb37f00000 - 0x00007ffb37f08000 	C:\WINDOWS\System32\PSAPI.DLL
0x00007ffb1e220000 - 0x00007ffb1e229000 	C:\WINDOWS\SYSTEM32\WSOCK32.dll
0x00007ffb37e30000 - 0x00007ffb37e9b000 	C:\WINDOWS\System32\WS2_32.dll
0x00007ffb251a0000 - 0x00007ffb251c7000 	C:\WINDOWS\SYSTEM32\WINMM.dll
0x00007ffb2ae50000 - 0x00007ffb2ae5a000 	C:\WINDOWS\SYSTEM32\VERSION.dll
0x00007ffb33f40000 - 0x00007ffb33f52000 	C:\WINDOWS\SYSTEM32\kernel.appcore.dll
0x00007ffb30f70000 - 0x00007ffb30f7a000 	C:\Users\Anjali\.p2\pool\plugins\org.eclipse.justj.openjdk.hotspot.jre.full.win32.x86_64_18.0.1.v20220515-1614\jre\bin\jimage.dll
0x00007ffb33bc0000 - 0x00007ffb33da4000 	C:\WINDOWS\SYSTEM32\DBGHELP.DLL
0x00007ffb24ef0000 - 0x00007ffb24f1c000 	C:\WINDOWS\SYSTEM32\dbgcore.DLL
0x00007ffb35d80000 - 0x00007ffb35e02000 	C:\WINDOWS\System32\bcryptPrimitives.dll
0x00007ffb2d240000 - 0x00007ffb2d265000 	C:\Users\Anjali\.p2\pool\plugins\org.eclipse.justj.openjdk.hotspot.jre.full.win32.x86_64_18.0.1.v20220515-1614\jre\bin\java.dll
0x00007ffb2d220000 - 0x00007ffb2d238000 	C:\Users\Anjali\.p2\pool\plugins\org.eclipse.justj.openjdk.hotspot.jre.full.win32.x86_64_18.0.1.v20220515-1614\jre\bin\zip.dll
0x00007ffb376b0000 - 0x00007ffb37df4000 	C:\WINDOWS\System32\SHELL32.dll
0x00007ffb33350000 - 0x00007ffb33ae4000 	C:\WINDOWS\SYSTEM32\windows.storage.dll
0x00007ffb36750000 - 0x00007ffb36aa4000 	C:\WINDOWS\System32\combase.dll
0x00007ffb34ff0000 - 0x00007ffb3501c000 	C:\WINDOWS\SYSTEM32\Wldp.dll
0x00007ffb36ab0000 - 0x00007ffb36b5d000 	C:\WINDOWS\System32\SHCORE.dll
0x00007ffb36cd0000 - 0x00007ffb36d25000 	C:\WINDOWS\System32\shlwapi.dll
0x00007ffb355a0000 - 0x00007ffb355bf000 	C:\WINDOWS\SYSTEM32\profapi.dll
0x00007ffb2d200000 - 0x00007ffb2d213000 	C:\Users\Anjali\.p2\pool\plugins\org.eclipse.justj.openjdk.hotspot.jre.full.win32.x86_64_18.0.1.v20220515-1614\jre\bin\net.dll
0x00007ffb273c0000 - 0x00007ffb274ca000 	C:\WINDOWS\SYSTEM32\WINHTTP.dll
0x00007ffb34d50000 - 0x00007ffb34dba000 	C:\WINDOWS\system32\mswsock.dll
0x00007ffb24e80000 - 0x00007ffb24e96000 	C:\Users\Anjali\.p2\pool\plugins\org.eclipse.justj.openjdk.hotspot.jre.full.win32.x86_64_18.0.1.v20220515-1614\jre\bin\nio.dll
0x00007ffb2d8f0000 - 0x00007ffb2d900000 	C:\Users\Anjali\.p2\pool\plugins\org.eclipse.justj.openjdk.hotspot.jre.full.win32.x86_64_18.0.1.v20220515-1614\jre\bin\verify.dll
0x00007ffb2d430000 - 0x00007ffb2d439000 	C:\Users\Anjali\.p2\pool\plugins\org.eclipse.justj.openjdk.hotspot.jre.full.win32.x86_64_18.0.1.v20220515-1614\jre\bin\management.dll
0x00007ffb22ef0000 - 0x00007ffb22efb000 	C:\Users\Anjali\.p2\pool\plugins\org.eclipse.justj.openjdk.hotspot.jre.full.win32.x86_64_18.0.1.v20220515-1614\jre\bin\management_ext.dll
0x00007ffb18d40000 - 0x00007ffb18d57000 	C:\WINDOWS\system32\napinsp.dll
0x00007ffb18d20000 - 0x00007ffb18d3b000 	C:\WINDOWS\system32\pnrpnsp.dll
0x00007ffb2fbb0000 - 0x00007ffb2fbc5000 	C:\WINDOWS\system32\wshbth.dll
0x00007ffb308c0000 - 0x00007ffb308dd000 	C:\WINDOWS\system32\NLAapi.dll
0x00007ffb34a40000 - 0x00007ffb34a7b000 	C:\WINDOWS\SYSTEM32\IPHLPAPI.DLL
0x00007ffb34a80000 - 0x00007ffb34b4b000 	C:\WINDOWS\SYSTEM32\DNSAPI.dll
0x00007ffb35fd0000 - 0x00007ffb35fd8000 	C:\WINDOWS\System32\NSI.dll
0x00007ffb18ca0000 - 0x00007ffb18cb2000 	C:\WINDOWS\System32\winrnr.dll
0x00007ffb2c190000 - 0x00007ffb2c19a000 	C:\Windows\System32\rasadhlp.dll
0x00007ffb21d80000 - 0x00007ffb21e00000 	C:\WINDOWS\System32\fwpuclnt.dll
0x00007ffb35760000 - 0x00007ffb35787000 	C:\WINDOWS\System32\bcrypt.dll
0x00007ffb34f40000 - 0x00007ffb34f58000 	C:\WINDOWS\SYSTEM32\CRYPTSP.dll
0x00007ffb346d0000 - 0x00007ffb34704000 	C:\WINDOWS\system32\rsaenh.dll
0x00007ffb35560000 - 0x00007ffb3558e000 	C:\WINDOWS\SYSTEM32\USERENV.dll
0x00007ffb34f60000 - 0x00007ffb34f6c000 	C:\WINDOWS\SYSTEM32\CRYPTBASE.dll
0x00007ffb27670000 - 0x00007ffb27687000 	C:\WINDOWS\SYSTEM32\dhcpcsvc6.DLL
0x00007ffb2ae30000 - 0x00007ffb2ae4d000 	C:\WINDOWS\SYSTEM32\dhcpcsvc.DLL

dbghelp: loaded successfully - version: 4.0.5 - missing functions: none
symbol engine: initialized successfully - sym options: 0x614 - pdb path: .;C:\Users\Anjali\.p2\pool\plugins\org.eclipse.justj.openjdk.hotspot.jre.full.win32.x86_64_18.0.1.v20220515-1614\jre\bin;C:\WINDOWS\SYSTEM32;C:\WINDOWS\WinSxS\amd64_microsoft.windows.common-controls_6595b64144ccf1df_6.0.19041.1110_none_60b5254171f9507e;C:\Users\Anjali\.p2\pool\plugins\org.eclipse.justj.openjdk.hotspot.jre.full.win32.x86_64_18.0.1.v20220515-1614\jre\bin\server

VM Arguments:
jvm_args: -Dfile.encoding=UTF-8 -XX:+ShowCodeDetailsInExceptionMessages 
java_command: com.example.demo.ExampleDemoApplication
java_class_path (initial): C:\Users\Anjali\Downloads\spring-boot-mysql-rest-api-tutorial-master\target\classes;C:\Users\Anjali\.m2\repository\org\springframework\boot\spring-boot-starter-data-jpa\2.5.5\spring-boot-starter-data-jpa-2.5.5.jar;C:\Users\Anjali\.m2\repository\org\springframework\boot\spring-boot-starter-aop\2.5.5\spring-boot-starter-aop-2.5.5.jar;C:\Users\Anjali\.m2\repository\org\springframework\spring-aop\5.3.10\spring-aop-5.3.10.jar;C:\Users\Anjali\.m2\repository\org\aspectj\aspectjweaver\1.9.7\aspectjweaver-1.9.7.jar;C:\Users\Anjali\.m2\repository\org\springframework\boot\spring-boot-starter-jdbc\2.5.5\spring-boot-starter-jdbc-2.5.5.jar;C:\Users\Anjali\.m2\repository\com\zaxxer\HikariCP\4.0.3\HikariCP-4.0.3.jar;C:\Users\Anjali\.m2\repository\org\springframework\spring-jdbc\5.3.10\spring-jdbc-5.3.10.jar;C:\Users\Anjali\.m2\repository\jakarta\transaction\jakarta.transaction-api\1.3.3\jakarta.transaction-api-1.3.3.jar;C:\Users\Anjali\.m2\repository\jakarta\persistence\jakarta.persistence-api\2.2.3\jakarta.persistence-api-2.2.3.jar;C:\Users\Anjali\.m2\repository\org\hibernate\hibernate-core\5.4.32.Final\hibernate-core-5.4.32.Final.jar;C:\Users\Anjali\.m2\repository\org\jboss\logging\jboss-logging\3.4.2.Final\jboss-logging-3.4.2.Final.jar;C:\Users\Anjali\.m2\repository\org\javassist\javassist\3.27.0-GA\javassist-3.27.0-GA.jar;C:\Users\Anjali\.m2\repository\net\bytebuddy\byte-buddy\1.10.22\byte-buddy-1.10.22.jar;C:\Users\Anjali\.m2\repository\antlr\antlr\2.7.7\antlr-2.7.7.jar;C:\Users\Anjali\.m2\repository\org\jboss\jandex\2.2.3.Final\jandex-2.2.3.Final.jar;C:\Users\Anjali\.m2\repository\com\fasterxml\classmate\1.5.1\classmate-1.5.1.jar;C:\Users\Anjali\.m2\repository\org\dom4j\dom4j\2.1.3\dom4j-2.1.3.jar;C:\Users\Anjali\.m2\repository\org\hibernate\common\hibernate-commons-annotations\5.1.2.Final\hibernate-commons-annotations-5.1.2.Final.jar;C:\Users\Anjali\.m2\repository\org\glassfish\jaxb\jaxb-runtime\2.3.5\jaxb-runtime-2.3.5.jar;C:\Users\Anjali\.m2\repository\org\glassfish\jaxb\txw2\2.3.5\txw2-2.3.5.jar;C:\Users\Anjali\.m2\repository\com\sun\istack\istack-commons-runtime\3.0.12\istack-commons-runtime-3.0.12.jar;C:\Users\Anjali\.m2\repository\com\sun\activation\jakarta.activation\1.2.2\jakarta.activation-1.2.2.jar;C:\Users\Anjali\.m2\repository\org\springframework\data\spring-data-jpa\2.5.5\spring-data-jpa-2.5.5.jar;C:\Users\Anjali\.m2\repository\org\springframework\data\spring-data-commons\2.5.5\spring-data-commons-2.5.5.jar;C:\Users\Anjali\.m2\repository\org\springframework\spring-orm\5.3.10\spring-orm-5.3.10.jar;C:\Users\Anjali\.m2\repository\org\springframework\spring-context\5.3.10\spring-context-5.3.10.jar;C:\Users\Anjali\.m2\repository\org\springframework\spring-tx\5.3.10\spring-tx-5.3.10.jar;C:\Users\Anjali\.m2\repository\org\springframework\spring-beans\5.3.10\spring-beans-5.3.10.jar;C:\Users\Anjali\.m2\repository\org\slf4j\slf4j-api\1.7.32\slf4j-api-1.7.32.jar;C:\Users\Anjali\.m2\repository\org\springframework\spring-aspects\5.3.10\spring-aspects-5.3.10.jar;C:\Users\Anjali\.m2\repository\org\springframework\boot\spring-boot-starter-web\2.5.5\spring-boot-starter-web-2.5.5.jar;C:\Users\Anjali\.m2\repository\org\springframework\boot\spring-boot-starter\2.5.5\spring-boot-starter-2.5.5.jar;C:\Users\Anjali\.m2\repository\org\springframework\boot\spring-boot-starter-logging\2.5.5\spring-boot-starter-logging-2.5.5.jar;C:\Users\Anjali\.m2\repository\ch\qos\logback\logback-classic\1.2.6\logback-classic-1.2.6.jar;C:\Users\Anjali\.m2\repository\ch\qos\logback\logback-core\1.2.6\logback-core-1.2.6.jar;C:\Users\Anjali\.m2\repository\org\apache\logging\log4j\log4j-to-slf4j\2.14.1\log4j-to-slf4j-2.14.1.jar;C:\Users\Anjali\.m2\repository\org\apache\logging\log4j\log4j-api\2.14.1\log4j-api-2.14.1.jar;C:\Users\Anjali\.m2\repository\org\slf4j\jul-to-slf4j\1.7.32\jul-to-slf4j-1.7.32.jar;C:\Users\Anjali\.m2\repository\jakarta\annotation\jakarta.annotation-api\1.3.5\jakarta.annotation-api-1.3.5.jar;C:\Users\Anjali\.m2\repository\org\yaml\snakeyaml\1.28\snakeyaml-1.28.jar;C:\Users\Anjali\.m2\repository\org\springframework\boot\spring-boot-starter-json\2.5.5\spring-boot-starter-json-2.5.5.jar;C:\Users\Anjali\.m2\repository\com\fasterxml\jackson\core\jackson-databind\2.12.5\jackson-databind-2.12.5.jar;C:\Users\Anjali\.m2\repository\com\fasterxml\jackson\core\jackson-annotations\2.12.5\jackson-annotations-2.12.5.jar;C:\Users\Anjali\.m2\repository\com\fasterxml\jackson\core\jackson-core\2.12.5\jackson-core-2.12.5.jar;C:\Users\Anjali\.m2\repository\com\fasterxml\jackson\datatype\jackson-datatype-jdk8\2.12.5\jackson-datatype-jdk8-2.12.5.jar;C:\Users\Anjali\.m2\repository\com\fasterxml\jackson\datatype\jackson-datatype-jsr310\2.12.5\jackson-datatype-jsr310-2.12.5.jar;C:\Users\Anjali\.m2\repository\com\fasterxml\jackson\module\jackson-module-parameter-names\2.12.5\jackson-module-parameter-names-2.12.5.jar;C:\Users\Anjali\.m2\repository\org\springframework\boot\spring-boot-starter-tomcat\2.5.5\spring-boot-starter-tomcat-2.5.5.jar;C:\Users\Anjali\.m2\repository\org\apache\tomcat\embed\tomcat-embed-core\9.0.53\tomcat-embed-core-9.0.53.jar;C:\Users\Anjali\.m2\repository\org\apache\tomcat\embed\tomcat-embed-websocket\9.0.53\tomcat-embed-websocket-9.0.53.jar;C:\Users\Anjali\.m2\repository\org\springframework\spring-web\5.3.10\spring-web-5.3.10.jar;C:\Users\Anjali\.m2\repository\org\springframework\spring-webmvc\5.3.10\spring-webmvc-5.3.10.jar;C:\Users\Anjali\.m2\repository\org\springframework\spring-expression\5.3.10\spring-expression-5.3.10.jar;C:\Users\Anjali\.m2\repository\org\springframework\boot\spring-boot-starter-validation\2.5.5\spring-boot-starter-validation-2.5.5.jar;C:\Users\Anjali\.m2\repository\org\apache\tomcat\embed\tomcat-embed-el\9.0.53\tomcat-embed-el-9.0.53.jar;C:\Users\Anjali\.m2\repository\org\hibernate\validator\hibernate-validator\6.2.0.Final\hibernate-validator-6.2.0.Final.jar;C:\Users\Anjali\.m2\repository\jakarta\validation\jakarta.validation-api\2.0.2\jakarta.validation-api-2.0.2.jar;C:\Users\Anjali\.m2\repository\org\springframework\boot\spring-boot-devtools\2.5.5\spring-boot-devtools-2.5.5.jar;C:\Users\Anjali\.m2\repository\org\springframework\boot\spring-boot\2.5.5\spring-boot-2.5.5.jar;C:\Users\Anjali\.m2\repository\org\springframework\boot\spring-boot-autoconfigure\2.5.5\spring-boot-autoconfigure-2.5.5.jar;C:\Users\Anjali\.m2\repository\mysql\mysql-connector-java\8.0.26\mysql-connector-java-8.0.26.jar;C:\Users\Anjali\.m2\repository\jakarta\xml\bind\jakarta.xml.bind-api\2.3.3\jakarta.xml.bind-api-2.3.3.jar;C:\Users\Anjali\.m2\repository\jakarta\activation\jakarta.activation-api\1.2.2\jakarta.activation-api-1.2.2.jar;C:\Users\Anjali\.m2\repository\org\springframework\spring-core\5.3.10\spring-core-5.3.10.jar;C:\Users\Anjali\.m2\repository\org\springframework\spring-jcl\5.3.10\spring-jcl-5.3.10.jar
Launcher Type: SUN_STANDARD

[Global flags]
     intx CICompilerCount                          = 3                                         {product} {ergonomic}
     uint ConcGCThreads                            = 1                                         {product} {ergonomic}
     uint G1ConcRefinementThreads                  = 4                                         {product} {ergonomic}
   size_t G1HeapRegionSize                         = 1048576                                   {product} {ergonomic}
    uintx GCDrainStackTargetSize                   = 64                                        {product} {ergonomic}
   size_t InitialHeapSize                          = 67108864                                  {product} {ergonomic}
   size_t MarkStackSize                            = 4194304                                   {product} {ergonomic}
   size_t MaxHeapSize                              = 1046478848                                {product} {ergonomic}
   size_t MaxNewSize                               = 627048448                                 {product} {ergonomic}
   size_t MinHeapDeltaBytes                        = 1048576                                   {product} {ergonomic}
   size_t MinHeapSize                              = 8388608                                   {product} {ergonomic}
    uintx NonNMethodCodeHeapSize                   = 5832780                                {pd product} {ergonomic}
    uintx NonProfiledCodeHeapSize                  = 122912730                              {pd product} {ergonomic}
    uintx ProfiledCodeHeapSize                     = 122912730                              {pd product} {ergonomic}
    uintx ReservedCodeCacheSize                    = 251658240                              {pd product} {ergonomic}
     bool SegmentedCodeCache                       = true                                      {product} {ergonomic}
     bool ShowCodeDetailsInExceptionMessages       = true                                   {manageable} {command line}
   size_t SoftMaxHeapSize                          = 1046478848                             {manageable} {ergonomic}
     bool UseCompressedClassPointers               = true                           {product lp64_product} {ergonomic}
     bool UseCompressedOops                        = true                           {product lp64_product} {ergonomic}
     bool UseG1GC                                  = true                                      {product} {ergonomic}
     bool UseLargePagesIndividualAllocation        = false                                  {pd product} {ergonomic}

Logging:
Log output configuration:
 #0: stdout all=warning uptime,level,tags foldmultilines=false
 #1: stderr all=off uptime,level,tags foldmultilines=false

Environment Variables:
PATH=C:/Users/Anjali/.p2/pool/plugins/org.eclipse.justj.openjdk.hotspot.jre.full.win32.x86_64_18.0.1.v20220515-1614/jre/bin/server;C:/Users/Anjali/.p2/pool/plugins/org.eclipse.justj.openjdk.hotspot.jre.full.win32.x86_64_18.0.1.v20220515-1614/jre/bin;C:\Program Files (x86)\Intel\iCLS Client\;C:\Program Files\Intel\iCLS Client\;C:\WINDOWS\system32;C:\WINDOWS;C:\WINDOWS\System32\Wbem;C:\WINDOWS\System32\WindowsPowerShell\v1.0\;C:\Program Files (x86)\Intel\Intel(R) Management Engine Components\DAL;C:\Program Files\Intel\Intel(R) Management Engine Components\DAL;C:\Program Files (x86)\Intel\Intel(R) Management Engine Components\IPT;C:\Program Files\Intel\Intel(R) Management Engine Components\IPT;C:\Users\Shubb\AppData\Local\Microsoft\WindowsApps;C:\adb;C:\WINDOWS\system32;C:\WINDOWS;C:\WINDOWS\System32\Wbem;C:\WINDOWS\System32\WindowsPowerShell\v1.0\;C:\Program Files\PuTTY\;C:\xampp3\php;C:\ProgramData\ComposerSetup\bin;C:\xampp\php;C:\Program Files\Git\cmd;C:\Program Files\nodejs\;C:\Program Files\MySQL\MySQL Shell 8.0\bin\;C:\Users\Anjali\AppData\Local\Microsoft\WindowsApps;C:\Users\Anjali\AppData\Roaming\npm;C:\Users\Anjali\AppData\Local\Programs\Microsoft VS Code\bin;C:\Users\Anjali\Desktop;
USERNAME=Anjali
OS=Windows_NT
PROCESSOR_IDENTIFIER=Intel64 Family 6 Model 78 Stepping 3, GenuineIntel



---------------  S Y S T E M  ---------------

OS:
 Windows 10 , 64 bit Build 19041 (10.0.19041.1706)
OS uptime: 0 days 1:25 hours

CPU: total 4 (initial active 4) (2 cores per cpu, 2 threads per core) family 6 model 78 stepping 3 microcode 0xcc, cx8, cmov, fxsr, ht, mmx, 3dnowpref, sse, sse2, sse3, ssse3, sse4.1, sse4.2, popcnt, lzcnt, tsc, tscinvbit, avx, avx2, aes, erms, clmul, bmi1, bmi2, adx, fma, vzeroupper, clflush, clflushopt

Memory: 4k page, system-wide physical 3987M (262M free)
TotalPageFile size 6035M (AvailPageFile size 1M)
current process WorkingSet (physical memory assigned to process): 163M, peak: 163M
current process commit charge ("private bytes"): 187M, peak: 187M

vm_info: OpenJDK 64-Bit Server VM (18.0.1+10) for windows-amd64 JRE (18.0.1+10), built on Apr 20 2022 05:04:48 by "" with MS VC++ 16.7 (VS2019)

END.
